
     Program d3hess v.7.4.1 starts on  9May2025 at 12:19:26 

     This program is part of the open-source Quantum ESPRESSO suite
     for quantum simulation of materials; please cite
         "P. Giannozzi et al., J. Phys.:Condens. Matter 21 395502 (2009);
         "P. Giannozzi et al., J. Phys.:Condens. Matter 29 465901 (2017);
         "P. Giannozzi et al., J. Chem. Phys. 152 154105 (2020);
          URL http://www.quantum-espresso.org", 
     in publications or presentations arising from this work. More details at
     http://www.quantum-espresso.org/quote

     Parallel version (MPI), running on     1 processors

     MPI processes distributed on     1 nodes
     352311 MiB available memory on the printing compute node when the environment starts


     Reading xml data from directory:

     ./out/Nb3Cl8.save/

     IMPORTANT: XC functional enforced from input :
     Exchange-correlation= PBE
                           (   1   4   3   4   0   0   0)
     Any further DFT definition will be discarded
     Please, verify this is what you really want


     G-vector sticks info
     --------------------
     sticks:   dense  smooth     PW     G-vecs:    dense   smooth      PW
     Sum        4483    4483   1189               439935   439935   60539

     Using Slab Decomposition


     Differentiation step:           0.000020000000
     DFT-D3 version:    3
     DFT-D3 threebody: F
     Using a general (and memory consuming) algorithm for any q 

 doing analytical gradient for version...           3
 |G(force)| =  0.14905996668236049       supercell gradient
 |G(force)| =   3.2641753141077416E-002  supercell gradient for atoms in the unit cell 
 |G(force)| =   3.2641753141077416E-002  unit cell gradient

     Number of images for CN:    4   4   2

     Number of images for VdW:    9   9   5

     DFT-D3 dispersion forces in the unit cell:
     atom    1 type  1   force =    -0.00387716    0.00000000   -0.00013017
     atom    2 type  1   force =     0.00193859   -0.00335772   -0.00013018
     atom    3 type  1   force =     0.00193858    0.00335773   -0.00013018
     atom    4 type  1   force =     0.00387716   -0.00000000    0.00013013
     atom    5 type  1   force =    -0.00193859    0.00335772    0.00013015
     atom    6 type  1   force =    -0.00193858   -0.00335773    0.00013016
     atom    7 type  2   force =    -0.00000000    0.00000000   -0.00235516
     atom    8 type  2   force =     0.00117236   -0.00000000   -0.00095732
     atom    9 type  2   force =    -0.00058623    0.00101533   -0.00095733
     atom   10 type  2   force =    -0.00058623   -0.00101533   -0.00095733
     atom   11 type  2   force =    -0.00000002   -0.00000000    0.00292147
     atom   12 type  2   force =    -0.00086593   -0.00000000    0.00067519
     atom   13 type  2   force =     0.00043298   -0.00074993    0.00067519
     atom   14 type  2   force =     0.00043298    0.00074993    0.00067519
     atom   15 type  2   force =     0.00086595   -0.00000000   -0.00067520
     atom   16 type  2   force =    -0.00043296    0.00074993   -0.00067520
     atom   17 type  2   force =    -0.00043297   -0.00074993   -0.00067520
     atom   18 type  2   force =     0.00000002    0.00000000   -0.00292147
     atom   19 type  2   force =    -0.00117237   -0.00000000    0.00095734
     atom   20 type  2   force =     0.00058622   -0.00101533    0.00095735
     atom   21 type  2   force =     0.00058621    0.00101533    0.00095736
     atom   22 type  2   force =    -0.00000001   -0.00000000    0.00235521

     Number of cells replicated along each semiaxis:    9   9   5

     Number of cells used for Hessian allocations:    9   9   5
     Number of cells in the supercell (Hessian):      3971
     Number of atoms in the supercell (Hessian):     87362
     Hessian allocation dimensions:  17297676

     Three body terms in DFT-D3 disabled for Hessian calculation
     Displacement step:    1   1  -1

 doing analytical gradient for version...           3
 |G(force)| =  0.14921231479771835       supercell gradient
 |G(force)| =   3.2641798841205043E-002  supercell gradient for atoms in the unit cell 
 |G(force)| =   3.2641798841205043E-002  unit cell gradient
     Displacement step:    1   1   1

 doing analytical gradient for version...           3
 |G(force)| =  0.14921224720068588       supercell gradient
 |G(force)| =   3.2641717472113058E-002  supercell gradient for atoms in the unit cell 
 |G(force)| =   3.2641717472113058E-002  unit cell gradient
 |H(unit cell)| =   2.3424113147751102E-007
     Displacement step:    1   2  -1

 doing analytical gradient for version...           3
 |G(force)| =  0.14921233604817483       supercell gradient
 |G(force)| =   3.2641810076393454E-002  supercell gradient for atoms in the unit cell 
 |G(force)| =   3.2641810076393454E-002  unit cell gradient
     Displacement step:    1   2   1

 doing analytical gradient for version...           3
 |G(force)| =  0.14921233141876972       supercell gradient
 |G(force)| =   3.2641809422298225E-002  supercell gradient for atoms in the unit cell 
 |G(force)| =   3.2641809422298225E-002  unit cell gradient
 |H(unit cell)| =   2.2001825847643278E-007
     Displacement step:    1   3  -1

 doing analytical gradient for version...           3
 |G(force)| =  0.14921235236285613       supercell gradient
 |G(force)| =   3.2641806043235411E-002  supercell gradient for atoms in the unit cell 
 |G(force)| =   3.2641806043235411E-002  unit cell gradient
     Displacement step:    1   3   1

 doing analytical gradient for version...           3
 |G(force)| =  0.14921220666175913       supercell gradient
 |G(force)| =   3.2641707295088716E-002  supercell gradient for atoms in the unit cell 
 |G(force)| =   3.2641707295088716E-002  unit cell gradient
 |H(unit cell)| =   2.6282809706679682E-007
     Displacement step:    2   1  -1

 doing analytical gradient for version...           3
 |G(force)| =  0.14905995897875973       supercell gradient
 |G(force)| =   3.2641720951695541E-002  supercell gradient for atoms in the unit cell 
 |G(force)| =   3.2641720951695541E-002  unit cell gradient
     Displacement step:    2   1   1

 doing analytical gradient for version...           3
 |G(force)| =  0.14905999089253949       supercell gradient
 |G(force)| =   3.2641799749574624E-002  supercell gradient for atoms in the unit cell 
 |G(force)| =   3.2641799749574624E-002  unit cell gradient
 |H(unit cell)| =   2.0263636257373377E-007
     Displacement step:    2   2  -1

 doing analytical gradient for version...           3
 |G(force)| =  0.14905998938251674       supercell gradient
 |G(force)| =   3.2641797946782382E-002  supercell gradient for atoms in the unit cell 
 |G(force)| =   3.2641797946782382E-002  unit cell gradient
     Displacement step:    2   2   1

 doing analytical gradient for version...           3
 |G(force)| =  0.14905996506492084       supercell gradient
 |G(force)| =   3.2641728304309572E-002  supercell gradient for atoms in the unit cell 
 |G(force)| =   3.2641728304309572E-002  unit cell gradient
 |H(unit cell)| =   1.7901957580040748E-007
     Displacement step:    2   3  -1

 doing analytical gradient for version...           3
 |G(force)| =  0.14906007658781126       supercell gradient
 |G(force)| =   3.2641827196171702E-002  supercell gradient for atoms in the unit cell 
 |G(force)| =   3.2641827196171702E-002  unit cell gradient
     Displacement step:    2   3   1

 doing analytical gradient for version...           3
 |G(force)| =  0.14905987668860698       supercell gradient
 |G(force)| =   3.2641696426502533E-002  supercell gradient for atoms in the unit cell 
 |G(force)| =   3.2641696426502533E-002  unit cell gradient
 |H(unit cell)| =   2.1448371867976259E-007
     Displacement step:    3   1  -1

 doing analytical gradient for version...           3
 |G(force)| =  0.14912724835334379       supercell gradient
 |G(force)| =   3.2641720474657507E-002  supercell gradient for atoms in the unit cell 
 |G(force)| =   3.2641720474657507E-002  unit cell gradient
     Displacement step:    3   1   1

 doing analytical gradient for version...           3
 |G(force)| =  0.14912728181971072       supercell gradient
 |G(force)| =   3.2641800226613574E-002  supercell gradient for atoms in the unit cell 
 |G(force)| =   3.2641800226613574E-002  unit cell gradient
 |H(unit cell)| =   2.0263635692719491E-007
     Displacement step:    3   2  -1

 doing analytical gradient for version...           3
 |G(force)| =  0.14912724769502095       supercell gradient
 |G(force)| =   3.2641729160721319E-002  supercell gradient for atoms in the unit cell 
 |G(force)| =   3.2641729160721319E-002  unit cell gradient
     Displacement step:    3   2   1

 doing analytical gradient for version...           3
 |G(force)| =  0.14912728705536710       supercell gradient
 |G(force)| =   3.2641797090367554E-002  supercell gradient for atoms in the unit cell 
 |G(force)| =   3.2641797090367554E-002  unit cell gradient
 |H(unit cell)| =   1.7901955987565960E-007
     Displacement step:    3   3  -1

 doing analytical gradient for version...           3
 |G(force)| =  0.14912736534585541       supercell gradient
 |G(force)| =   3.2641826174778413E-002  supercell gradient for atoms in the unit cell 
 |G(force)| =   3.2641826174778413E-002  unit cell gradient
     Displacement step:    3   3   1

 doing analytical gradient for version...           3
 |G(force)| =  0.14912716823230782       supercell gradient
 |G(force)| =   3.2641697447895704E-002  supercell gradient for atoms in the unit cell 
 |G(force)| =   3.2641697447895704E-002  unit cell gradient
 |H(unit cell)| =   2.1448371485688214E-007
     Displacement step:    4   1  -1

 doing analytical gradient for version...           3
 |G(force)| =  0.14920654754111537       supercell gradient
 |G(force)| =   3.2641707665582227E-002  supercell gradient for atoms in the unit cell 
 |G(force)| =   3.2641707665582227E-002  unit cell gradient
     Displacement step:    4   1   1

 doing analytical gradient for version...           3
 |G(force)| =  0.14920661159531587       supercell gradient
 |G(force)| =   3.2641798611266933E-002  supercell gradient for atoms in the unit cell 
 |G(force)| =   3.2641798611266933E-002  unit cell gradient
 |H(unit cell)| =   2.3424110794777381E-007
     Displacement step:    4   2  -1

 doing analytical gradient for version...           3
 |G(force)| =  0.14920663586654351       supercell gradient
 |G(force)| =   3.2641810202233182E-002  supercell gradient for atoms in the unit cell 
 |G(force)| =   3.2641810202233182E-002  unit cell gradient
     Displacement step:    4   2   1

 doing analytical gradient for version...           3
 |G(force)| =  0.14920663927897654       supercell gradient
 |G(force)| =   3.2641809800512171E-002  supercell gradient for atoms in the unit cell 
 |G(force)| =   3.2641809800512171E-002  unit cell gradient
 |H(unit cell)| =   2.2001823218279058E-007
     Displacement step:    4   3  -1

 doing analytical gradient for version...           3
 |G(force)| =  0.14920650426841661       supercell gradient
 |G(force)| =   3.2641699315777532E-002  supercell gradient for atoms in the unit cell 
 |G(force)| =   3.2641699315777532E-002  unit cell gradient
     Displacement step:    4   3   1

 doing analytical gradient for version...           3
 |G(force)| =  0.14920665487063478       supercell gradient
 |G(force)| =   3.2641806962398698E-002  supercell gradient for atoms in the unit cell 
 |G(force)| =   3.2641806962398698E-002  unit cell gradient
 |H(unit cell)| =   2.6282806098181001E-007
     Displacement step:    5   1  -1

 doing analytical gradient for version...           3
 |G(force)| =  0.14904488575073793       supercell gradient
 |G(force)| =   3.2641795430442093E-002  supercell gradient for atoms in the unit cell 
 |G(force)| =   3.2641795430442093E-002  unit cell gradient
     Displacement step:    5   1   1

 doing analytical gradient for version...           3
 |G(force)| =  0.14904481490681024       supercell gradient
 |G(force)| =   3.2641721430187294E-002  supercell gradient for atoms in the unit cell 
 |G(force)| =   3.2641721430187294E-002  unit cell gradient
 |H(unit cell)| =   2.0263634906560104E-007
     Displacement step:    5   2  -1

 doing analytical gradient for version...           3
 |G(force)| =  0.14904482575401240       supercell gradient
 |G(force)| =   3.2641729379413037E-002  supercell gradient for atoms in the unit cell 
 |G(force)| =   3.2641729379413037E-002  unit cell gradient
     Displacement step:    5   2   1

 doing analytical gradient for version...           3
 |G(force)| =  0.14904488119858342       supercell gradient
 |G(force)| =   3.2641794749799155E-002  supercell gradient for atoms in the unit cell 
 |G(force)| =   3.2641794749799155E-002  unit cell gradient
 |H(unit cell)| =   1.7901955520578626E-007
     Displacement step:    5   3  -1

 doing analytical gradient for version...           3
 |G(force)| =  0.14904474074007232       supercell gradient
 |G(force)| =   3.2641698069741973E-002  supercell gradient for atoms in the unit cell 
 |G(force)| =   3.2641698069741973E-002  unit cell gradient
     Displacement step:    5   3   1

 doing analytical gradient for version...           3
 |G(force)| =  0.14904496426182368       supercell gradient
 |G(force)| =   3.2641822651431451E-002  supercell gradient for atoms in the unit cell 
 |G(force)| =   3.2641822651431451E-002  unit cell gradient
 |H(unit cell)| =   2.1448368753050632E-007
     Displacement step:    6   1  -1

 doing analytical gradient for version...           3
 |G(force)| =  0.14912194756376357       supercell gradient
 |G(force)| =   3.2641795258410683E-002  supercell gradient for atoms in the unit cell 
 |G(force)| =   3.2641795258410683E-002  unit cell gradient
     Displacement step:    6   1   1

 doing analytical gradient for version...           3
 |G(force)| =  0.14912187720598954       supercell gradient
 |G(force)| =   3.2641721602217143E-002  supercell gradient for atoms in the unit cell 
 |G(force)| =   3.2641721602217143E-002  unit cell gradient
 |H(unit cell)| =   2.0263634800860181E-007
     Displacement step:    6   2  -1

 doing analytical gradient for version...           3
 |G(force)| =  0.14912195112880233       supercell gradient
 |G(force)| =   3.2641794159075081E-002  supercell gradient for atoms in the unit cell 
 |G(force)| =   3.2641794159075081E-002  unit cell gradient
     Displacement step:    6   2   1

 doing analytical gradient for version...           3
 |G(force)| =  0.14912187993719697       supercell gradient
 |G(force)| =   3.2641729970139574E-002  supercell gradient for atoms in the unit cell 
 |G(force)| =   3.2641729970139574E-002  unit cell gradient
 |H(unit cell)| =   1.7901954887774848E-007
     Displacement step:    6   3  -1

 doing analytical gradient for version...           3
 |G(force)| =  0.14912180313207363       supercell gradient
 |G(force)| =   3.2641697826691567E-002  supercell gradient for atoms in the unit cell 
 |G(force)| =   3.2641697826691567E-002  unit cell gradient
     Displacement step:    6   3   1

 doing analytical gradient for version...           3
 |G(force)| =  0.14912202598202540       supercell gradient
 |G(force)| =   3.2641822894490663E-002  supercell gradient for atoms in the unit cell 
 |G(force)| =   3.2641822894490663E-002  unit cell gradient
 |H(unit cell)| =   2.1448368473414960E-007
     Displacement step:    7   1  -1

 doing analytical gradient for version...           3
 |G(force)| =  0.14886001722543710       supercell gradient
 |G(force)| =   3.2641783189457853E-002  supercell gradient for atoms in the unit cell 
 |G(force)| =   3.2641783189457853E-002  unit cell gradient
     Displacement step:    7   1   1

 doing analytical gradient for version...           3
 |G(force)| =  0.14886004004275741       supercell gradient
 |G(force)| =   3.2641761142477903E-002  supercell gradient for atoms in the unit cell 
 |G(force)| =   3.2641761142477903E-002  unit cell gradient
 |H(unit cell)| =   1.4250785280050809E-007
     Displacement step:    7   2  -1

 doing analytical gradient for version...           3
 |G(force)| =  0.14886003241700960       supercell gradient
 |G(force)| =   3.2641774634703725E-002  supercell gradient for atoms in the unit cell 
 |G(force)| =   3.2641774634703725E-002  unit cell gradient
     Displacement step:    7   2   1

 doing analytical gradient for version...           3
 |G(force)| =  0.14886003152635824       supercell gradient
 |G(force)| =   3.2641773912710316E-002  supercell gradient for atoms in the unit cell 
 |G(force)| =   3.2641773912710316E-002  unit cell gradient
 |H(unit cell)| =   1.1410263049533994E-007
     Displacement step:    7   3  -1

 doing analytical gradient for version...           3
 |G(force)| =  0.14885998096850217       supercell gradient
 |G(force)| =   3.2641734461391556E-002  supercell gradient for atoms in the unit cell 
 |G(force)| =   3.2641734461391556E-002  unit cell gradient
     Displacement step:    7   3   1

 doing analytical gradient for version...           3
 |G(force)| =  0.14886003824466046       supercell gradient
 |G(force)| =   3.2641771815958211E-002  supercell gradient for atoms in the unit cell 
 |G(force)| =   3.2641771815958211E-002  unit cell gradient
 |H(unit cell)| =   1.0563062713036218E-007
     Displacement step:    8   1  -1

 doing analytical gradient for version...           3
 |G(force)| =  0.14889751648826352       supercell gradient
 |G(force)| =   3.2641803960751940E-002  supercell gradient for atoms in the unit cell 
 |G(force)| =   3.2641803960751940E-002  unit cell gradient
     Displacement step:    8   1   1

 doing analytical gradient for version...           3
 |G(force)| =  0.14889749609250716       supercell gradient
 |G(force)| =   3.2641702316756623E-002  supercell gradient for atoms in the unit cell 
 |G(force)| =   3.2641702316756623E-002  unit cell gradient
 |H(unit cell)| =   1.3393589493865476E-007
     Displacement step:    8   2  -1

 doing analytical gradient for version...           3
 |G(force)| =  0.14889751151228356       supercell gradient
 |G(force)| =   3.2641757578275539E-002  supercell gradient for atoms in the unit cell 
 |G(force)| =   3.2641757578275539E-002  unit cell gradient
     Displacement step:    8   2   1

 doing analytical gradient for version...           3
 |G(force)| =  0.14889751258225348       supercell gradient
 |G(force)| =   3.2641758567129364E-002  supercell gradient for atoms in the unit cell 
 |G(force)| =   3.2641758567129364E-002  unit cell gradient
 |H(unit cell)| =   4.1155540360172359E-008
     Displacement step:    8   3  -1

 doing analytical gradient for version...           3
 |G(force)| =  0.14889752846311805       supercell gradient
 |G(force)| =   3.2641739932763973E-002  supercell gradient for atoms in the unit cell 
 |G(force)| =   3.2641739932763973E-002  unit cell gradient
     Displacement step:    8   3   1

 doing analytical gradient for version...           3
 |G(force)| =  0.14889748411772957       supercell gradient
 |G(force)| =   3.2641766344634698E-002  supercell gradient for atoms in the unit cell 
 |G(force)| =   3.2641766344634698E-002  unit cell gradient
 |H(unit cell)| =   5.3002601062085441E-008
     Displacement step:    9   1  -1

 doing analytical gradient for version...           3
 |G(force)| =  0.14889370486352685       supercell gradient
 |G(force)| =   3.2641758855207398E-002  supercell gradient for atoms in the unit cell 
 |G(force)| =   3.2641758855207398E-002  unit cell gradient
     Displacement step:    9   1   1

 doing analytical gradient for version...           3
 |G(force)| =  0.14889375392956794       supercell gradient
 |G(force)| =   3.2641790117430111E-002  supercell gradient for atoms in the unit cell 
 |G(force)| =   3.2641790117430111E-002  unit cell gradient
 |H(unit cell)| =   1.5800159598327830E-007
     Displacement step:    9   2  -1

 doing analytical gradient for version...           3
 |G(force)| =  0.14889376534053916       supercell gradient
 |G(force)| =   3.2641816992200125E-002  supercell gradient for atoms in the unit cell 
 |G(force)| =   3.2641816992200125E-002  unit cell gradient
     Displacement step:    9   2   1

 doing analytical gradient for version...           3
 |G(force)| =  0.14889368616590157       supercell gradient
 |G(force)| =   3.2641723003957547E-002  supercell gradient for atoms in the unit cell 
 |G(force)| =   3.2641723003957547E-002  unit cell gradient
 |H(unit cell)| =   1.6746383703499780E-007
     Displacement step:    9   3  -1

 doing analytical gradient for version...           3
 |G(force)| =  0.14889372316162222       supercell gradient
 |G(force)| =   3.2641751438570531E-002  supercell gradient for atoms in the unit cell 
 |G(force)| =   3.2641751438570531E-002  unit cell gradient
     Displacement step:    9   3   1

 doing analytical gradient for version...           3
 |G(force)| =  0.14889371894845049       supercell gradient
 |G(force)| =   3.2641773378489919E-002  supercell gradient for atoms in the unit cell 
 |G(force)| =   3.2641773378489919E-002  unit cell gradient
 |H(unit cell)| =   1.1352418599242868E-007
     Displacement step:   10   1  -1

 doing analytical gradient for version...           3
 |G(force)| =  0.14890588011670991       supercell gradient
 |G(force)| =   3.2641759976641489E-002  supercell gradient for atoms in the unit cell 
 |G(force)| =   3.2641759976641489E-002  unit cell gradient
     Displacement step:   10   1   1

 doing analytical gradient for version...           3
 |G(force)| =  0.14890592664200483       supercell gradient
 |G(force)| =   3.2641788995995694E-002  supercell gradient for atoms in the unit cell 
 |G(force)| =   3.2641788995995694E-002  unit cell gradient
 |H(unit cell)| =   1.5800159530914450E-007
     Displacement step:   10   2  -1

 doing analytical gradient for version...           3
 |G(force)| =  0.14890587924291360       supercell gradient
 |G(force)| =   3.2641723865140637E-002  supercell gradient for atoms in the unit cell 
 |G(force)| =   3.2641723865140637E-002  unit cell gradient
     Displacement step:   10   2   1

 doing analytical gradient for version...           3
 |G(force)| =  0.14890592022852997       supercell gradient
 |G(force)| =   3.2641816131015369E-002  supercell gradient for atoms in the unit cell 
 |G(force)| =   3.2641816131015369E-002  unit cell gradient
 |H(unit cell)| =   1.6746383800479796E-007
     Displacement step:   10   3  -1

 doing analytical gradient for version...           3
 |G(force)| =  0.14890589733678672       supercell gradient
 |G(force)| =   3.2641751701441263E-002  supercell gradient for atoms in the unit cell 
 |G(force)| =   3.2641751701441263E-002  unit cell gradient
     Displacement step:   10   3   1

 doing analytical gradient for version...           3
 |G(force)| =  0.14890589273894184       supercell gradient
 |G(force)| =   3.2641773115656456E-002  supercell gradient for atoms in the unit cell 
 |G(force)| =   3.2641773115656456E-002  unit cell gradient
 |H(unit cell)| =   1.1352418703978724E-007
     Displacement step:   11   1  -1

 doing analytical gradient for version...           3
 |G(force)| =  0.14885911026744783       supercell gradient
 |G(force)| =   3.2641728890858160E-002  supercell gradient for atoms in the unit cell 
 |G(force)| =   3.2641728890858160E-002  unit cell gradient
     Displacement step:   11   1   1

 doing analytical gradient for version...           3
 |G(force)| =  0.14885916426381127       supercell gradient
 |G(force)| =   3.2641777386619587E-002  supercell gradient for atoms in the unit cell 
 |G(force)| =   3.2641777386619587E-002  unit cell gradient
 |H(unit cell)| =   1.5527870796701796E-007
     Displacement step:   11   2  -1

 doing analytical gradient for version...           3
 |G(force)| =  0.14885914376027032       supercell gradient
 |G(force)| =   3.2641759898805717E-002  supercell gradient for atoms in the unit cell 
 |G(force)| =   3.2641759898805717E-002  unit cell gradient
     Displacement step:   11   2   1

 doing analytical gradient for version...           3
 |G(force)| =  0.14885914576694392       supercell gradient
 |G(force)| =   3.2641760624184314E-002  supercell gradient for atoms in the unit cell 
 |G(force)| =   3.2641760624184314E-002  unit cell gradient
 |H(unit cell)| =   8.4726829136354308E-008
     Displacement step:   11   3  -1

 doing analytical gradient for version...           3
 |G(force)| =  0.14885918510214494       supercell gradient
 |G(force)| =   3.2641788094109968E-002  supercell gradient for atoms in the unit cell 
 |G(force)| =   3.2641788094109968E-002  unit cell gradient
     Displacement step:   11   3   1

 doing analytical gradient for version...           3
 |G(force)| =  0.14885908949082188       supercell gradient
 |G(force)| =   3.2641718245861893E-002  supercell gradient for atoms in the unit cell 
 |G(force)| =   3.2641718245861893E-002  unit cell gradient
 |H(unit cell)| =   1.2490424118314347E-007
     Displacement step:   12   1  -1

 doing analytical gradient for version...           3
 |G(force)| =  0.14887208381862951       supercell gradient
 |G(force)| =   3.2641733305853064E-002  supercell gradient for atoms in the unit cell 
 |G(force)| =   3.2641733305853064E-002  unit cell gradient
     Displacement step:   12   1   1

 doing analytical gradient for version...           3
 |G(force)| =  0.14887217447624823       supercell gradient
 |G(force)| =   3.2641772971538731E-002  supercell gradient for atoms in the unit cell 
 |G(force)| =   3.2641772971538731E-002  unit cell gradient
 |H(unit cell)| =   1.7679764703296404E-007
     Displacement step:   12   2  -1

 doing analytical gradient for version...           3
 |G(force)| =  0.14887215636317855       supercell gradient
 |G(force)| =   3.2641779917647280E-002  supercell gradient for atoms in the unit cell 
 |G(force)| =   3.2641779917647280E-002  unit cell gradient
     Displacement step:   12   2   1

 doing analytical gradient for version...           3
 |G(force)| =  0.14887215570170673       supercell gradient
 |G(force)| =   3.2641779452758438E-002  supercell gradient for atoms in the unit cell 
 |G(force)| =   3.2641779452758438E-002  unit cell gradient
 |H(unit cell)| =   1.5163867972499082E-007
     Displacement step:   12   3  -1

 doing analytical gradient for version...           3
 |G(force)| =  0.14887212080139933       supercell gradient
 |G(force)| =   3.2641761258415697E-002  supercell gradient for atoms in the unit cell 
 |G(force)| =   3.2641761258415697E-002  unit cell gradient
     Displacement step:   12   3   1

 doing analytical gradient for version...           3
 |G(force)| =  0.14887213766766133       supercell gradient
 |G(force)| =   3.2641745194204368E-002  supercell gradient for atoms in the unit cell 
 |G(force)| =   3.2641745194204368E-002  unit cell gradient
 |H(unit cell)| =   1.7094687299068721E-007
     Displacement step:   13   1  -1

 doing analytical gradient for version...           3
 |G(force)| =  0.14887637597618969       supercell gradient
 |G(force)| =   3.2641795199166365E-002  supercell gradient for atoms in the unit cell 
 |G(force)| =   3.2641795199166365E-002  unit cell gradient
     Displacement step:   13   1   1

 doing analytical gradient for version...           3
 |G(force)| =  0.14887630925331860       supercell gradient
 |G(force)| =   3.2641734784345934E-002  supercell gradient for atoms in the unit cell 
 |G(force)| =   3.2641734784345934E-002  unit cell gradient
 |H(unit cell)| =   1.9642596674647775E-007
     Displacement step:   13   2  -1

 doing analytical gradient for version...           3
 |G(force)| =  0.14887633986911733       supercell gradient
 |G(force)| =   3.2641756914756952E-002  supercell gradient for atoms in the unit cell 
 |G(force)| =   3.2641756914756952E-002  unit cell gradient
     Displacement step:   13   2   1

 doing analytical gradient for version...           3
 |G(force)| =  0.14887634398961880       supercell gradient
 |G(force)| =   3.2641771745969252E-002  supercell gradient for atoms in the unit cell 
 |G(force)| =   3.2641771745969252E-002  unit cell gradient
 |H(unit cell)| =   1.7287522586547628E-007
     Displacement step:   13   3  -1

 doing analytical gradient for version...           3
 |G(force)| =  0.14887633762131136       supercell gradient
 |G(force)| =   3.2641763907280949E-002  supercell gradient for atoms in the unit cell 
 |G(force)| =   3.2641763907280949E-002  unit cell gradient
     Displacement step:   13   3   1

 doing analytical gradient for version...           3
 |G(force)| =  0.14887634159039140       supercell gradient
 |G(force)| =   3.2641760001471815E-002  supercell gradient for atoms in the unit cell 
 |G(force)| =   3.2641760001471815E-002  unit cell gradient
 |H(unit cell)| =   1.9242586186168456E-007
     Displacement step:   14   1  -1

 doing analytical gradient for version...           3
 |G(force)| =  0.14888835859740174       supercell gradient
 |G(force)| =   3.2641794732848776E-002  supercell gradient for atoms in the unit cell 
 |G(force)| =   3.2641794732848776E-002  unit cell gradient
     Displacement step:   14   1   1

 doing analytical gradient for version...           3
 |G(force)| =  0.14888829228927086       supercell gradient
 |G(force)| =   3.2641735250661545E-002  supercell gradient for atoms in the unit cell 
 |G(force)| =   3.2641735250661545E-002  unit cell gradient
 |H(unit cell)| =   1.9642596757715766E-007
     Displacement step:   14   2  -1

 doing analytical gradient for version...           3
 |G(force)| =  0.14888830597738834       supercell gradient
 |G(force)| =   3.2641772419981015E-002  supercell gradient for atoms in the unit cell 
 |G(force)| =   3.2641772419981015E-002  unit cell gradient
     Displacement step:   14   2   1

 doing analytical gradient for version...           3
 |G(force)| =  0.14888834353827551       supercell gradient
 |G(force)| =   3.2641756240751038E-002  supercell gradient for atoms in the unit cell 
 |G(force)| =   3.2641756240751038E-002  unit cell gradient
 |H(unit cell)| =   1.7287522677444560E-007
     Displacement step:   14   3  -1

 doing analytical gradient for version...           3
 |G(force)| =  0.14888832228876889       supercell gradient
 |G(force)| =   3.2641764468587305E-002  supercell gradient for atoms in the unit cell 
 |G(force)| =   3.2641764468587305E-002  unit cell gradient
     Displacement step:   14   3   1

 doing analytical gradient for version...           3
 |G(force)| =  0.14888832258007623       supercell gradient
 |G(force)| =   3.2641759440131278E-002  supercell gradient for atoms in the unit cell 
 |G(force)| =   3.2641759440131278E-002  unit cell gradient
 |H(unit cell)| =   1.9242586232323765E-007
     Displacement step:   15   1  -1

 doing analytical gradient for version...           3
 |G(force)| =  0.14885854828568398       supercell gradient
 |G(force)| =   3.2641773042229871E-002  supercell gradient for atoms in the unit cell 
 |G(force)| =   3.2641773042229871E-002  unit cell gradient
     Displacement step:   15   1   1

 doing analytical gradient for version...           3
 |G(force)| =  0.14885845768344674       supercell gradient
 |G(force)| =   3.2641733235176044E-002  supercell gradient for atoms in the unit cell 
 |G(force)| =   3.2641733235176044E-002  unit cell gradient
 |H(unit cell)| =   1.7679764947043002E-007
     Displacement step:   15   2  -1

 doing analytical gradient for version...           3
 |G(force)| =  0.14885853049143438       supercell gradient
 |G(force)| =   3.2641779884186574E-002  supercell gradient for atoms in the unit cell 
 |G(force)| =   3.2641779884186574E-002  unit cell gradient
     Displacement step:   15   2   1

 doing analytical gradient for version...           3
 |G(force)| =  0.14885852882244952       supercell gradient
 |G(force)| =   3.2641779060969892E-002  supercell gradient for atoms in the unit cell 
 |G(force)| =   3.2641779060969892E-002  unit cell gradient
 |H(unit cell)| =   1.5163867989059588E-007
     Displacement step:   15   3  -1

 doing analytical gradient for version...           3
 |G(force)| =  0.14885850846283358       supercell gradient
 |G(force)| =   3.2641746046325262E-002  supercell gradient for atoms in the unit cell 
 |G(force)| =   3.2641746046325262E-002  unit cell gradient
     Displacement step:   15   3   1

 doing analytical gradient for version...           3
 |G(force)| =  0.14885849750550295       supercell gradient
 |G(force)| =   3.2641760231345997E-002  supercell gradient for atoms in the unit cell 
 |G(force)| =   3.2641760231345997E-002  unit cell gradient
 |H(unit cell)| =   1.7094687993769767E-007
     Displacement step:   16   1  -1

 doing analytical gradient for version...           3
 |G(force)| =  0.14886908895940049       supercell gradient
 |G(force)| =   3.2641735642727578E-002  supercell gradient for atoms in the unit cell 
 |G(force)| =   3.2641735642727578E-002  unit cell gradient
     Displacement step:   16   1   1

 doing analytical gradient for version...           3
 |G(force)| =  0.14886913148921888       supercell gradient
 |G(force)| =   3.2641794557569118E-002  supercell gradient for atoms in the unit cell 
 |G(force)| =   3.2641794557569118E-002  unit cell gradient
 |H(unit cell)| =   1.9642596927218806E-007
     Displacement step:   16   2  -1

 doing analytical gradient for version...           3
 |G(force)| =  0.14886910784761950       supercell gradient
 |G(force)| =   3.2641772455325221E-002  supercell gradient for atoms in the unit cell 
 |G(force)| =   3.2641772455325221E-002  unit cell gradient
     Displacement step:   16   2   1

 doing analytical gradient for version...           3
 |G(force)| =  0.14886911106106654       supercell gradient
 |G(force)| =   3.2641756253131850E-002  supercell gradient for atoms in the unit cell 
 |G(force)| =   3.2641756253131850E-002  unit cell gradient
 |H(unit cell)| =   1.7287522947101292E-007
     Displacement step:   16   3  -1

 doing analytical gradient for version...           3
 |G(force)| =  0.14886910989788077       supercell gradient
 |G(force)| =   3.2641759720732730E-002  supercell gradient for atoms in the unit cell 
 |G(force)| =   3.2641759720732730E-002  unit cell gradient
     Displacement step:   16   3   1

 doing analytical gradient for version...           3
 |G(force)| =  0.14886910460748226       supercell gradient
 |G(force)| =   3.2641764479485795E-002  supercell gradient for atoms in the unit cell 
 |G(force)| =   3.2641764479485795E-002  unit cell gradient
 |H(unit cell)| =   1.9242587053345106E-007
     Displacement step:   17   1  -1

 doing analytical gradient for version...           3
 |G(force)| =  0.14887047759897026       supercell gradient
 |G(force)| =   3.2641735730428542E-002  supercell gradient for atoms in the unit cell 
 |G(force)| =   3.2641735730428542E-002  unit cell gradient
     Displacement step:   17   1   1

 doing analytical gradient for version...           3
 |G(force)| =  0.14887052391152691       supercell gradient
 |G(force)| =   3.2641794469866502E-002  supercell gradient for atoms in the unit cell 
 |G(force)| =   3.2641794469866502E-002  unit cell gradient
 |H(unit cell)| =   1.9642596976189841E-007
     Displacement step:   17   2  -1

 doing analytical gradient for version...           3
 |G(force)| =  0.14887052344431759       supercell gradient
 |G(force)| =   3.2641756384299829E-002  supercell gradient for atoms in the unit cell 
 |G(force)| =   3.2641756384299829E-002  unit cell gradient
     Displacement step:   17   2   1

 doing analytical gradient for version...           3
 |G(force)| =  0.14887047652599619       supercell gradient
 |G(force)| =   3.2641772324145654E-002  supercell gradient for atoms in the unit cell 
 |G(force)| =   3.2641772324145654E-002  unit cell gradient
 |H(unit cell)| =   1.7287523085015927E-007
     Displacement step:   17   3  -1

 doing analytical gradient for version...           3
 |G(force)| =  0.14887050047385250       supercell gradient
 |G(force)| =   3.2641758985293083E-002  supercell gradient for atoms in the unit cell 
 |G(force)| =   3.2641758985293083E-002  unit cell gradient
     Displacement step:   17   3   1

 doing analytical gradient for version...           3
 |G(force)| =  0.14887049509343497       supercell gradient
 |G(force)| =   3.2641765214957173E-002  supercell gradient for atoms in the unit cell 
 |G(force)| =   3.2641765214957173E-002  unit cell gradient
 |H(unit cell)| =   1.9242587108002962E-007
     Displacement step:   18   1  -1

 doing analytical gradient for version...           3
 |G(force)| =  0.14892661314906017       supercell gradient
 |G(force)| =   3.2641776508979203E-002  supercell gradient for atoms in the unit cell 
 |G(force)| =   3.2641776508979203E-002  unit cell gradient
     Displacement step:   18   1   1

 doing analytical gradient for version...           3
 |G(force)| =  0.14892650633823459       supercell gradient
 |G(force)| =   3.2641729768491404E-002  supercell gradient for atoms in the unit cell 
 |G(force)| =   3.2641729768491404E-002  unit cell gradient
 |H(unit cell)| =   1.5527872339482087E-007
     Displacement step:   18   2  -1

 doing analytical gradient for version...           3
 |G(force)| =  0.14892656698433734       supercell gradient
 |G(force)| =   3.2641760554581400E-002  supercell gradient for atoms in the unit cell 
 |G(force)| =   3.2641760554581400E-002  unit cell gradient
     Displacement step:   18   2   1

 doing analytical gradient for version...           3
 |G(force)| =  0.14892656791339334       supercell gradient
 |G(force)| =   3.2641760383072364E-002  supercell gradient for atoms in the unit cell 
 |G(force)| =   3.2641760383072364E-002  unit cell gradient
 |H(unit cell)| =   8.4726831759910749E-008
     Displacement step:   18   3  -1

 doing analytical gradient for version...           3
 |G(force)| =  0.14892651718505051       supercell gradient
 |G(force)| =   3.2641717278525502E-002  supercell gradient for atoms in the unit cell 
 |G(force)| =   3.2641717278525502E-002  unit cell gradient
     Displacement step:   18   3   1

 doing analytical gradient for version...           3
 |G(force)| =  0.14892660230090077       supercell gradient
 |G(force)| =   3.2641788997505035E-002  supercell gradient for atoms in the unit cell 
 |G(force)| =   3.2641788997505035E-002  unit cell gradient
 |H(unit cell)| =   1.2490424257388401E-007
     Displacement step:   19   1  -1

 doing analytical gradient for version...           3
 |G(force)| =  0.14888428499513318       supercell gradient
 |G(force)| =   3.2641701468885169E-002  supercell gradient for atoms in the unit cell 
 |G(force)| =   3.2641701468885169E-002  unit cell gradient
     Displacement step:   19   1   1

 doing analytical gradient for version...           3
 |G(force)| =  0.14888429367559031       supercell gradient
 |G(force)| =   3.2641804808634760E-002  supercell gradient for atoms in the unit cell 
 |G(force)| =   3.2641804808634760E-002  unit cell gradient
 |H(unit cell)| =   1.3393589976638331E-007
     Displacement step:   19   2  -1

 doing analytical gradient for version...           3
 |G(force)| =  0.14888429559033531       supercell gradient
 |G(force)| =   3.2641758565687733E-002  supercell gradient for atoms in the unit cell 
 |G(force)| =   3.2641758565687733E-002  unit cell gradient
     Displacement step:   19   2   1

 doing analytical gradient for version...           3
 |G(force)| =  0.14888429508412812       supercell gradient
 |G(force)| =   3.2641758069549970E-002  supercell gradient for atoms in the unit cell 
 |G(force)| =   3.2641758069549970E-002  unit cell gradient
 |H(unit cell)| =   4.1155547403812356E-008
     Displacement step:   19   3  -1

 doing analytical gradient for version...           3
 |G(force)| =  0.14888427248412126       supercell gradient
 |G(force)| =   3.2641766268923775E-002  supercell gradient for atoms in the unit cell 
 |G(force)| =   3.2641766268923775E-002  unit cell gradient
     Displacement step:   19   3   1

 doing analytical gradient for version...           3
 |G(force)| =  0.14888430618698473       supercell gradient
 |G(force)| =   3.2641740008473301E-002  supercell gradient for atoms in the unit cell 
 |G(force)| =   3.2641740008473301E-002  unit cell gradient
 |H(unit cell)| =   5.3002600655228279E-008
     Displacement step:   20   1  -1

 doing analytical gradient for version...           3
 |G(force)| =  0.14887523644140924       supercell gradient
 |G(force)| =   3.2641790504901659E-002  supercell gradient for atoms in the unit cell 
 |G(force)| =   3.2641790504901659E-002  unit cell gradient
     Displacement step:   20   1   1

 doing analytical gradient for version...           3
 |G(force)| =  0.14887521936952619       supercell gradient
 |G(force)| =   3.2641748061718136E-002  supercell gradient for atoms in the unit cell 
 |G(force)| =   3.2641748061718136E-002  unit cell gradient
 |H(unit cell)| =   1.5800161644095638E-007
     Displacement step:   20   2  -1

 doing analytical gradient for version...           3
 |G(force)| =  0.14887519285862486       supercell gradient
 |G(force)| =   3.2641724550629171E-002  supercell gradient for atoms in the unit cell 
 |G(force)| =   3.2641724550629171E-002  unit cell gradient
     Displacement step:   20   2   1

 doing analytical gradient for version...           3
 |G(force)| =  0.14887525778980723       supercell gradient
 |G(force)| =   3.2641807163684124E-002  supercell gradient for atoms in the unit cell 
 |G(force)| =   3.2641807163684124E-002  unit cell gradient
 |H(unit cell)| =   1.6746384253608348E-007
     Displacement step:   20   3  -1

 doing analytical gradient for version...           3
 |G(force)| =  0.14887523423496019       supercell gradient
 |G(force)| =   3.2641774567994858E-002  supercell gradient for atoms in the unit cell 
 |G(force)| =   3.2641774567994858E-002  unit cell gradient
     Displacement step:   20   3   1

 doing analytical gradient for version...           3
 |G(force)| =  0.14887521347112406       supercell gradient
 |G(force)| =   3.2641748420786341E-002  supercell gradient for atoms in the unit cell 
 |G(force)| =   3.2641748420786341E-002  unit cell gradient
 |H(unit cell)| =   1.1352420240167407E-007
     Displacement step:   21   1  -1

 doing analytical gradient for version...           3
 |G(force)| =  0.14888742675306674       supercell gradient
 |G(force)| =   3.2641790727838398E-002  supercell gradient for atoms in the unit cell 
 |G(force)| =   3.2641790727838398E-002  unit cell gradient
     Displacement step:   21   1   1

 doing analytical gradient for version...           3
 |G(force)| =  0.14888740871703177       supercell gradient
 |G(force)| =   3.2641747838781626E-002  supercell gradient for atoms in the unit cell 
 |G(force)| =   3.2641747838781626E-002  unit cell gradient
 |H(unit cell)| =   1.5800161648916602E-007
     Displacement step:   21   2  -1

 doing analytical gradient for version...           3
 |G(force)| =  0.14888742876813529       supercell gradient
 |G(force)| =   3.2641807172096138E-002  supercell gradient for atoms in the unit cell 
 |G(force)| =   3.2641807172096138E-002  unit cell gradient
     Displacement step:   21   2   1

 doing analytical gradient for version...           3
 |G(force)| =  0.14888740153884969       supercell gradient
 |G(force)| =   3.2641724542218545E-002  supercell gradient for atoms in the unit cell 
 |G(force)| =   3.2641724542218545E-002  unit cell gradient
 |H(unit cell)| =   1.6746384352107708E-007
     Displacement step:   21   3  -1

 doing analytical gradient for version...           3
 |G(force)| =  0.14888742397122204       supercell gradient
 |G(force)| =   3.2641773703712483E-002  supercell gradient for atoms in the unit cell 
 |G(force)| =   3.2641773703712483E-002  unit cell gradient
     Displacement step:   21   3   1

 doing analytical gradient for version...           3
 |G(force)| =  0.14888740339400103       supercell gradient
 |G(force)| =   3.2641749285033092E-002  supercell gradient for atoms in the unit cell 
 |G(force)| =   3.2641749285033092E-002  unit cell gradient
 |H(unit cell)| =   1.1352420362266559E-007
     Displacement step:   22   1  -1

 doing analytical gradient for version...           3
 |G(force)| =  0.14886986048005285       supercell gradient
 |G(force)| =   3.2641749568355895E-002  supercell gradient for atoms in the unit cell 
 |G(force)| =   3.2641749568355895E-002  unit cell gradient
     Displacement step:   22   1   1

 doing analytical gradient for version...           3
 |G(force)| =  0.14886995010004925       supercell gradient
 |G(force)| =   3.2641784136445223E-002  supercell gradient for atoms in the unit cell 
 |G(force)| =   3.2641784136445223E-002  unit cell gradient
 |H(unit cell)| =   1.4250788152832281E-007
     Displacement step:   22   2  -1

 doing analytical gradient for version...           3
 |G(force)| =  0.14886991399821292       supercell gradient
 |G(force)| =   3.2641773979842865E-002  supercell gradient for atoms in the unit cell 
 |G(force)| =   3.2641773979842865E-002  unit cell gradient
     Displacement step:   22   2   1

 doing analytical gradient for version...           3
 |G(force)| =  0.14886991369801128       supercell gradient
 |G(force)| =   3.2641774381589640E-002  supercell gradient for atoms in the unit cell 
 |G(force)| =   3.2641774381589640E-002  unit cell gradient
 |H(unit cell)| =   1.1410264184755536E-007
     Displacement step:   22   3  -1

 doing analytical gradient for version...           3
 |G(force)| =  0.14886993363060094       supercell gradient
 |G(force)| =   3.2641771815972449E-002  supercell gradient for atoms in the unit cell 
 |G(force)| =   3.2641771815972449E-002  unit cell gradient
     Displacement step:   22   3   1

 doing analytical gradient for version...           3
 |G(force)| =  0.14886984952192087       supercell gradient
 |G(force)| =   3.2641734461377206E-002  supercell gradient for atoms in the unit cell 
 |G(force)| =   3.2641734461377206E-002  unit cell gradient
 |H(unit cell)| =   1.0563062214879171E-007

     Writing Hessian on file: ./out/Nb3Cl8.hess
     force_dftd3  :      0.12s CPU      0.13s WALL (       1 calls)
     hessian_dftd :     16.53s CPU     16.85s WALL (       1 calls)

     d3hess       :     28.19s CPU     33.81s WALL


   This run was terminated on:  12:20: 0   9May2025            

=------------------------------------------------------------------------------=
   JOB DONE.
=------------------------------------------------------------------------------=
