
     Program d3hess v.7.3.1 starts on  8May2025 at  9:32:28 

     This program is part of the open-source Quantum ESPRESSO suite
     for quantum simulation of materials; please cite
         "P. Giannozzi et al., J. Phys.:Condens. Matter 21 395502 (2009);
         "P. Giannozzi et al., J. Phys.:Condens. Matter 29 465901 (2017);
         "P. Giannozzi et al., J. Chem. Phys. 152 154105 (2020);
          URL http://www.quantum-espresso.org", 
     in publications or presentations arising from this work. More details at
     http://www.quantum-espresso.org/quote

     Parallel version (MPI & OpenMP), running on       1 processor cores
     Number of MPI processes:                 1
     Threads/MPI process:                     1

     MPI processes distributed on     1 nodes
     360568 MiB available memory on the printing compute node when the environment starts


     Reading xml data from directory:

     ./out/Nb3Cl8.save/

     IMPORTANT: XC functional enforced from input :
     Exchange-correlation= PBE
                           (   1   4   3   4   0   0   0)
     Any further DFT definition will be discarded
     Please, verify this is what you really want


     G-vector sticks info
     --------------------
     sticks:   dense  smooth     PW     G-vecs:    dense   smooth      PW
     Sum        4483    4483   1189              1100103  1100103  151427

     Using Slab Decomposition


     Differentiation step:           0.000020000000
     DFT-D3 version:    3
     DFT-D3 threebody: F
     Using a general (and memory consuming) algorithm for any q 

 doing analytical gradient for version...           3
 |G(force)| =   5.2357760377709089E-002  supercell gradient
 |G(force)| =   1.5972541983293415E-002  supercell gradient for atoms in the unit cell 
 |G(force)| =   1.5972541983293415E-002  unit cell gradient

     Number of images for CN:    4   4   1

     Number of images for VdW:    9   9   2

     DFT-D3 dispersion forces in the unit cell:
     atom    1 type  1   force =     0.00390495    0.00000000   -0.00002182
     atom    2 type  1   force =    -0.00195248    0.00338179   -0.00002182
     atom    3 type  1   force =    -0.00195247   -0.00338179   -0.00002182
     atom    4 type  2   force =     0.00093233    0.00000000    0.00157278
     atom    5 type  2   force =    -0.00046616    0.00080742    0.00157278
     atom    6 type  2   force =    -0.00046616   -0.00080742    0.00157278
     atom    7 type  2   force =     0.00000001    0.00000000   -0.00106081
     atom    8 type  2   force =    -0.00118653   -0.00000000   -0.00120190
     atom    9 type  2   force =     0.00059326   -0.00102756   -0.00120190
     atom   10 type  2   force =     0.00059326    0.00102756   -0.00120190
     atom   11 type  2   force =     0.00000000   -0.00000000    0.00001363

     Number of cells replicated along each semiaxis:    9   9   2

     Number of cells used for Hessian allocations:    9   9   2
     Number of cells in the supercell (Hessian):      1805
     Number of atoms in the supercell (Hessian):     19855
     Hessian allocation dimensions:   1965645

     Three body terms in DFT-D3 disabled for Hessian calculation
     Displacement step:    1   1  -1

 doing analytical gradient for version...           3
 |G(force)| =   5.2380923968000523E-002  supercell gradient
 |G(force)| =   1.5972506055930348E-002  supercell gradient for atoms in the unit cell 
 |G(force)| =   1.5972506055930348E-002  unit cell gradient
     Displacement step:    1   1   1

 doing analytical gradient for version...           3
 |G(force)| =   5.2380950114218373E-002  supercell gradient
 |G(force)| =   1.5972601369530128E-002  supercell gradient for atoms in the unit cell 
 |G(force)| =   1.5972601369530128E-002  unit cell gradient
 |H(unit cell)| =   1.9688138724342052E-007
     Displacement step:    1   2  -1

 doing analytical gradient for version...           3
 |G(force)| =   5.2380980050974392E-002  supercell gradient
 |G(force)| =   1.5972597958932154E-002  supercell gradient for atoms in the unit cell 
 |G(force)| =   1.5972597958932154E-002  unit cell gradient
     Displacement step:    1   2   1

 doing analytical gradient for version...           3
 |G(force)| =   5.2380984280276224E-002  supercell gradient
 |G(force)| =   1.5972597799444783E-002  supercell gradient for atoms in the unit cell 
 |G(force)| =   1.5972597799444783E-002  unit cell gradient
 |H(unit cell)| =   1.6674886889317608E-007
     Displacement step:    1   3  -1

 doing analytical gradient for version...           3
 |G(force)| =   5.2380957248573709E-002  supercell gradient
 |G(force)| =   1.5972580870830148E-002  supercell gradient for atoms in the unit cell 
 |G(force)| =   1.5972580870830148E-002  unit cell gradient
     Displacement step:    1   3   1

 doing analytical gradient for version...           3
 |G(force)| =   5.2380903742232587E-002  supercell gradient
 |G(force)| =   1.5972513462140188E-002  supercell gradient for atoms in the unit cell 
 |G(force)| =   1.5972513462140188E-002  unit cell gradient
 |H(unit cell)| =   1.5161734910732812E-007
     Displacement step:    2   1  -1

 doing analytical gradient for version...           3
 |G(force)| =   5.2357824842658024E-002  supercell gradient
 |G(force)| =   1.5972591455637137E-002  supercell gradient for atoms in the unit cell 
 |G(force)| =   1.5972591455637137E-002  unit cell gradient
     Displacement step:    2   1   1

 doing analytical gradient for version...           3
 |G(force)| =   5.2357710559429636E-002  supercell gradient
 |G(force)| =   1.5972506927565040E-002  supercell gradient for atoms in the unit cell 
 |G(force)| =   1.5972506927565040E-002  unit cell gradient
 |H(unit cell)| =   2.1635679169567432E-007
     Displacement step:    2   2  -1

 doing analytical gradient for version...           3
 |G(force)| =   5.2357742928689235E-002  supercell gradient
 |G(force)| =   1.5972507757668435E-002  supercell gradient for atoms in the unit cell 
 |G(force)| =   1.5972507757668435E-002  unit cell gradient
     Displacement step:    2   2   1

 doing analytical gradient for version...           3
 |G(force)| =   5.2357797630836776E-002  supercell gradient
 |G(force)| =   1.5972595912034000E-002  supercell gradient for atoms in the unit cell 
 |G(force)| =   1.5972595912034000E-002  unit cell gradient
 |H(unit cell)| =   1.8489114861797310E-007
     Displacement step:    2   3  -1

 doing analytical gradient for version...           3
 |G(force)| =   5.2357776353716919E-002  supercell gradient
 |G(force)| =   1.5972578561981220E-002  supercell gradient for atoms in the unit cell 
 |G(force)| =   1.5972578561981220E-002  unit cell gradient
     Displacement step:    2   3   1

 doing analytical gradient for version...           3
 |G(force)| =   5.2357760385417493E-002  supercell gradient
 |G(force)| =   1.5972521345173622E-002  supercell gradient for atoms in the unit cell 
 |G(force)| =   1.5972521345173622E-002  unit cell gradient
 |H(unit cell)| =   1.6066622854259154E-007
     Displacement step:    3   1  -1

 doing analytical gradient for version...           3
 |G(force)| =   5.2433599354389952E-002  supercell gradient
 |G(force)| =   1.5972591615124206E-002  supercell gradient for atoms in the unit cell 
 |G(force)| =   1.5972591615124206E-002  unit cell gradient
     Displacement step:    3   1   1

 doing analytical gradient for version...           3
 |G(force)| =   5.2433478563896269E-002  supercell gradient
 |G(force)| =   1.5972506768077946E-002  supercell gradient for atoms in the unit cell 
 |G(force)| =   1.5972506768077946E-002  unit cell gradient
 |H(unit cell)| =   2.1635679140502190E-007
     Displacement step:    3   2  -1

 doing analytical gradient for version...           3
 |G(force)| =   5.2433576046886254E-002  supercell gradient
 |G(force)| =   1.5972595798105768E-002  supercell gradient for atoms in the unit cell 
 |G(force)| =   1.5972595798105768E-002  unit cell gradient
     Displacement step:    3   2   1

 doing analytical gradient for version...           3
 |G(force)| =   5.2433507030027922E-002  supercell gradient
 |G(force)| =   1.5972507871596472E-002  supercell gradient for atoms in the unit cell 
 |G(force)| =   1.5972507871596472E-002  unit cell gradient
 |H(unit cell)| =   1.8489114720964197E-007
     Displacement step:    3   3  -1

 doing analytical gradient for version...           3
 |G(force)| =   5.2433548010444225E-002  supercell gradient
 |G(force)| =   1.5972578943880374E-002  supercell gradient for atoms in the unit cell 
 |G(force)| =   1.5972578943880374E-002  unit cell gradient
     Displacement step:    3   3   1

 doing analytical gradient for version...           3
 |G(force)| =   5.2433531244876166E-002  supercell gradient
 |G(force)| =   1.5972520963274492E-002  supercell gradient for atoms in the unit cell 
 |G(force)| =   1.5972520963274492E-002  unit cell gradient
 |H(unit cell)| =   1.6066622819918114E-007
     Displacement step:    4   1  -1

 doing analytical gradient for version...           3
 |G(force)| =   5.2170414392538125E-002  supercell gradient
 |G(force)| =   1.5972597782690223E-002  supercell gradient for atoms in the unit cell 
 |G(force)| =   1.5972597782690223E-002  unit cell gradient
     Displacement step:    4   1   1

 doing analytical gradient for version...           3
 |G(force)| =   5.2170261037757362E-002  supercell gradient
 |G(force)| =   1.5972486187066457E-002  supercell gradient for atoms in the unit cell 
 |G(force)| =   1.5972486187066457E-002  unit cell gradient
 |H(unit cell)| =   1.4776445063645708E-007
     Displacement step:    4   2  -1

 doing analytical gradient for version...           3
 |G(force)| =   5.2170358364859691E-002  supercell gradient
 |G(force)| =   1.5972562707444279E-002  supercell gradient for atoms in the unit cell 
 |G(force)| =   1.5972562707444279E-002  unit cell gradient
     Displacement step:    4   2   1

 doing analytical gradient for version...           3
 |G(force)| =   5.2170358653511356E-002  supercell gradient
 |G(force)| =   1.5972562703503466E-002  supercell gradient for atoms in the unit cell 
 |G(force)| =   1.5972562703503466E-002  unit cell gradient
 |H(unit cell)| =   1.2607093122854869E-007
     Displacement step:    4   3  -1

 doing analytical gradient for version...           3
 |G(force)| =   5.2170341575556514E-002  supercell gradient
 |G(force)| =   1.5972551948917765E-002  supercell gradient for atoms in the unit cell 
 |G(force)| =   1.5972551948917765E-002  unit cell gradient
     Displacement step:    4   3   1

 doing analytical gradient for version...           3
 |G(force)| =   5.2170333854229090E-002  supercell gradient
 |G(force)| =   1.5972532020535789E-002  supercell gradient for atoms in the unit cell 
 |G(force)| =   1.5972532020535789E-002  unit cell gradient
 |H(unit cell)| =   1.1551011738471533E-007
     Displacement step:    5   1  -1

 doing analytical gradient for version...           3
 |G(force)| =   5.2193672653909472E-002  supercell gradient
 |G(force)| =   1.5972517239760297E-002  supercell gradient for atoms in the unit cell 
 |G(force)| =   1.5972517239760297E-002  unit cell gradient
     Displacement step:    5   1   1

 doing analytical gradient for version...           3
 |G(force)| =   5.2193749064709298E-002  supercell gradient
 |G(force)| =   1.5972596342782842E-002  supercell gradient for atoms in the unit cell 
 |G(force)| =   1.5972596342782842E-002  unit cell gradient
 |H(unit cell)| =   1.3695086353599250E-007
     Displacement step:    5   2  -1

 doing analytical gradient for version...           3
 |G(force)| =   5.2193740409430429E-002  supercell gradient
 |G(force)| =   1.5972592991246922E-002  supercell gradient for atoms in the unit cell 
 |G(force)| =   1.5972592991246922E-002  unit cell gradient
     Displacement step:    5   2   1

 doing analytical gradient for version...           3
 |G(force)| =   5.2193672339032840E-002  supercell gradient
 |G(force)| =   1.5972511781771045E-002  supercell gradient for atoms in the unit cell 
 |G(force)| =   1.5972511781771045E-002  unit cell gradient
 |H(unit cell)| =   1.3191801203906124E-007
     Displacement step:    5   3  -1

 doing analytical gradient for version...           3
 |G(force)| =   5.2193710519093023E-002  supercell gradient
 |G(force)| =   1.5972543826208045E-002  supercell gradient for atoms in the unit cell 
 |G(force)| =   1.5972543826208045E-002  unit cell gradient
     Displacement step:    5   3   1

 doing analytical gradient for version...           3
 |G(force)| =   5.2193690578033247E-002  supercell gradient
 |G(force)| =   1.5972549222909492E-002  supercell gradient for atoms in the unit cell 
 |G(force)| =   1.5972549222909492E-002  unit cell gradient
 |H(unit cell)| =   8.1998497463629102E-008
     Displacement step:    6   1  -1

 doing analytical gradient for version...           3
 |G(force)| =   5.2206074240311810E-002  supercell gradient
 |G(force)| =   1.5972517352308847E-002  supercell gradient for atoms in the unit cell 
 |G(force)| =   1.5972517352308847E-002  unit cell gradient
     Displacement step:    6   1   1

 doing analytical gradient for version...           3
 |G(force)| =   5.2206151855067467E-002  supercell gradient
 |G(force)| =   1.5972596230234701E-002  supercell gradient for atoms in the unit cell 
 |G(force)| =   1.5972596230234701E-002  unit cell gradient
 |H(unit cell)| =   1.3695086368975296E-007
     Displacement step:    6   2  -1

 doing analytical gradient for version...           3
 |G(force)| =   5.2206095207297507E-002  supercell gradient
 |G(force)| =   1.5972511434075489E-002  supercell gradient for atoms in the unit cell 
 |G(force)| =   1.5972511434075489E-002  unit cell gradient
     Displacement step:    6   2   1

 doing analytical gradient for version...           3
 |G(force)| =   5.2206121917808129E-002  supercell gradient
 |G(force)| =   1.5972593338942482E-002  supercell gradient for atoms in the unit cell 
 |G(force)| =   1.5972593338942482E-002  unit cell gradient
 |H(unit cell)| =   1.3191801233427186E-007
     Displacement step:    6   3  -1

 doing analytical gradient for version...           3
 |G(force)| =   5.2206112603418516E-002  supercell gradient
 |G(force)| =   1.5972543567936332E-002  supercell gradient for atoms in the unit cell 
 |G(force)| =   1.5972543567936332E-002  unit cell gradient
     Displacement step:    6   3   1

 doing analytical gradient for version...           3
 |G(force)| =   5.2206092870451318E-002  supercell gradient
 |G(force)| =   1.5972549481150542E-002  supercell gradient for atoms in the unit cell 
 |G(force)| =   1.5972549481150542E-002  unit cell gradient
 |H(unit cell)| =   8.1998497462683734E-008
     Displacement step:    7   1  -1

 doing analytical gradient for version...           3
 |G(force)| =   5.2237848851640102E-002  supercell gradient
 |G(force)| =   1.5972553150024230E-002  supercell gradient for atoms in the unit cell 
 |G(force)| =   1.5972553150024230E-002  unit cell gradient
     Displacement step:    7   1   1

 doing analytical gradient for version...           3
 |G(force)| =   5.2237788220192823E-002  supercell gradient
 |G(force)| =   1.5972532813408401E-002  supercell gradient for atoms in the unit cell 
 |G(force)| =   1.5972532813408401E-002  unit cell gradient
 |H(unit cell)| =   1.1190676901053839E-007
     Displacement step:    7   2  -1

 doing analytical gradient for version...           3
 |G(force)| =   5.2237824021357758E-002  supercell gradient
 |G(force)| =   1.5972548481482898E-002  supercell gradient for atoms in the unit cell 
 |G(force)| =   1.5972548481482898E-002  unit cell gradient
     Displacement step:    7   2   1

 doing analytical gradient for version...           3
 |G(force)| =   5.2237825155298678E-002  supercell gradient
 |G(force)| =   1.5972548342449055E-002  supercell gradient for atoms in the unit cell 
 |G(force)| =   1.5972548342449055E-002  unit cell gradient
 |H(unit cell)| =   4.7516566701920317E-008
     Displacement step:    7   3  -1

 doing analytical gradient for version...           3
 |G(force)| =   5.2237838246612288E-002  supercell gradient
 |G(force)| =   1.5972539358297743E-002  supercell gradient for atoms in the unit cell 
 |G(force)| =   1.5972539358297743E-002  unit cell gradient
     Displacement step:    7   3   1

 doing analytical gradient for version...           3
 |G(force)| =   5.2237796833378071E-002  supercell gradient
 |G(force)| =   1.5972544612635507E-002  supercell gradient for atoms in the unit cell 
 |G(force)| =   1.5972544612635507E-002  unit cell gradient
 |H(unit cell)| =   3.8141799466966005E-008
     Displacement step:    8   1  -1

 doing analytical gradient for version...           3
 |G(force)| =   5.2216883172547100E-002  supercell gradient
 |G(force)| =   1.5972497363662703E-002  supercell gradient for atoms in the unit cell 
 |G(force)| =   1.5972497363662703E-002  unit cell gradient
     Displacement step:    8   1   1

 doing analytical gradient for version...           3
 |G(force)| =   5.2217054793209428E-002  supercell gradient
 |G(force)| =   1.5972586608250190E-002  supercell gradient for atoms in the unit cell 
 |G(force)| =   1.5972586608250190E-002  unit cell gradient
 |H(unit cell)| =   1.0006407513321510E-007
     Displacement step:    8   2  -1

 doing analytical gradient for version...           3
 |G(force)| =   5.2216975216608480E-002  supercell gradient
 |G(force)| =   1.5972546703547010E-002  supercell gradient for atoms in the unit cell 
 |G(force)| =   1.5972546703547010E-002  unit cell gradient
     Displacement step:    8   2   1

 doing analytical gradient for version...           3
 |G(force)| =   5.2216975444745857E-002  supercell gradient
 |G(force)| =   1.5972546837991205E-002  supercell gradient for atoms in the unit cell 
 |G(force)| =   1.5972546837991205E-002  unit cell gradient
 |H(unit cell)| =   3.7914784305653496E-008
     Displacement step:    8   3  -1

 doing analytical gradient for version...           3
 |G(force)| =   5.2216947622730624E-002  supercell gradient
 |G(force)| =   1.5972531202737155E-002  supercell gradient for atoms in the unit cell 
 |G(force)| =   1.5972531202737155E-002  unit cell gradient
     Displacement step:    8   3   1

 doing analytical gradient for version...           3
 |G(force)| =   5.2216990341323398E-002  supercell gradient
 |G(force)| =   1.5972552767696335E-002  supercell gradient for atoms in the unit cell 
 |G(force)| =   1.5972552767696335E-002  unit cell gradient
 |H(unit cell)| =   2.6899547319253505E-008
     Displacement step:    9   1  -1

 doing analytical gradient for version...           3
 |G(force)| =   5.2193031471292700E-002  supercell gradient
 |G(force)| =   1.5972569229141965E-002  supercell gradient for atoms in the unit cell 
 |G(force)| =   1.5972569229141965E-002  unit cell gradient
     Displacement step:    9   1   1

 doing analytical gradient for version...           3
 |G(force)| =   5.2192963895095278E-002  supercell gradient
 |G(force)| =   1.5972550426021807E-002  supercell gradient for atoms in the unit cell 
 |G(force)| =   1.5972550426021807E-002  unit cell gradient
 |H(unit cell)| =   1.3574140057770354E-007
     Displacement step:    9   2  -1

 doing analytical gradient for version...           3
 |G(force)| =   5.2192939354309277E-002  supercell gradient
 |G(force)| =   1.5972505911052658E-002  supercell gradient for atoms in the unit cell 
 |G(force)| =   1.5972505911052658E-002  unit cell gradient
     Displacement step:    9   2   1

 doing analytical gradient for version...           3
 |G(force)| =   5.2193039567533440E-002  supercell gradient
 |G(force)| =   1.5972597566063517E-002  supercell gradient for atoms in the unit cell 
 |G(force)| =   1.5972597566063517E-002  unit cell gradient
 |H(unit cell)| =   1.2856719316913014E-007
     Displacement step:    9   3  -1

 doing analytical gradient for version...           3
 |G(force)| =   5.2192959098858863E-002  supercell gradient
 |G(force)| =   1.5972521808638260E-002  supercell gradient for atoms in the unit cell 
 |G(force)| =   1.5972521808638260E-002  unit cell gradient
     Displacement step:    9   3   1

 doing analytical gradient for version...           3
 |G(force)| =   5.2193009429328467E-002  supercell gradient
 |G(force)| =   1.5972571192482243E-002  supercell gradient for atoms in the unit cell 
 |G(force)| =   1.5972571192482243E-002  unit cell gradient
 |H(unit cell)| =   7.8811248190454739E-008
     Displacement step:   10   1  -1

 doing analytical gradient for version...           3
 |G(force)| =   5.2205232618049151E-002  supercell gradient
 |G(force)| =   1.5972569336346491E-002  supercell gradient for atoms in the unit cell 
 |G(force)| =   1.5972569336346491E-002  unit cell gradient
     Displacement step:   10   1   1

 doing analytical gradient for version...           3
 |G(force)| =   5.2205167501153768E-002  supercell gradient
 |G(force)| =   1.5972550318816957E-002  supercell gradient for atoms in the unit cell 
 |G(force)| =   1.5972550318816957E-002  unit cell gradient
 |H(unit cell)| =   1.3574140068970703E-007
     Displacement step:   10   2  -1

 doing analytical gradient for version...           3
 |G(force)| =   5.2205262542873311E-002  supercell gradient
 |G(force)| =   1.5972597471257944E-002  supercell gradient for atoms in the unit cell 
 |G(force)| =   1.5972597471257944E-002  unit cell gradient
     Displacement step:   10   2   1

 doing analytical gradient for version...           3
 |G(force)| =   5.2205121131619854E-002  supercell gradient
 |G(force)| =   1.5972506005858183E-002  supercell gradient for atoms in the unit cell 
 |G(force)| =   1.5972506005858183E-002  unit cell gradient
 |H(unit cell)| =   1.2856719321662727E-007
     Displacement step:   10   3  -1

 doing analytical gradient for version...           3
 |G(force)| =   5.2205161232952206E-002  supercell gradient
 |G(force)| =   1.5972521909527700E-002  supercell gradient for atoms in the unit cell 
 |G(force)| =   1.5972521909527700E-002  unit cell gradient
     Displacement step:   10   3   1

 doing analytical gradient for version...           3
 |G(force)| =   5.2205212048097666E-002  supercell gradient
 |G(force)| =   1.5972571091624217E-002  supercell gradient for atoms in the unit cell 
 |G(force)| =   1.5972571091624217E-002  unit cell gradient
 |H(unit cell)| =   7.8811248314374137E-008
     Displacement step:   11   1  -1

 doing analytical gradient for version...           3
 |G(force)| =   5.2181566551794824E-002  supercell gradient
 |G(force)| =   1.5972545001769027E-002  supercell gradient for atoms in the unit cell 
 |G(force)| =   1.5972545001769027E-002  unit cell gradient
     Displacement step:   11   1   1

 doing analytical gradient for version...           3
 |G(force)| =   5.2181529283050185E-002  supercell gradient
 |G(force)| =   1.5972567200272080E-002  supercell gradient for atoms in the unit cell 
 |G(force)| =   1.5972567200272080E-002  unit cell gradient
 |H(unit cell)| =   1.3471226580594937E-007
     Displacement step:   11   2  -1

 doing analytical gradient for version...           3
 |G(force)| =   5.2181549570652901E-002  supercell gradient
 |G(force)| =   1.5972558716490358E-002  supercell gradient for atoms in the unit cell 
 |G(force)| =   1.5972558716490358E-002  unit cell gradient
     Displacement step:   11   2   1

 doing analytical gradient for version...           3
 |G(force)| =   5.2181551961469279E-002  supercell gradient
 |G(force)| =   1.5972559050962700E-002  supercell gradient for atoms in the unit cell 
 |G(force)| =   1.5972559050962700E-002  unit cell gradient
 |H(unit cell)| =   1.0509427646280068E-007
     Displacement step:   11   3  -1

 doing analytical gradient for version...           3
 |G(force)| =   5.2181520458726621E-002  supercell gradient
 |G(force)| =   1.5972518271498880E-002  supercell gradient for atoms in the unit cell 
 |G(force)| =   1.5972518271498880E-002  unit cell gradient
     Displacement step:   11   3   1

 doing analytical gradient for version...           3
 |G(force)| =   5.2181547145662345E-002  supercell gradient
 |G(force)| =   1.5972565699995545E-002  supercell gradient for atoms in the unit cell 
 |G(force)| =   1.5972565699995545E-002  unit cell gradient
 |H(unit cell)| =   1.3072473949094319E-007

     Writing Hessian on file: ./out/Nb3Cl8.hess
     force_dftd3  :      0.02s CPU      0.02s WALL (       1 calls)
     hessian_dftd :      0.99s CPU      4.00s WALL (       1 calls)

     d3hess       :      3.80s CPU     12.49s WALL


   This run was terminated on:   9:32:40   8May2025            

=------------------------------------------------------------------------------=
   JOB DONE.
=------------------------------------------------------------------------------=
