
     Program d3hess v.7.4.1 starts on 30May2025 at 12: 7:58 

     This program is part of the open-source Quantum ESPRESSO suite
     for quantum simulation of materials; please cite
         "P. Giannozzi et al., J. Phys.:Condens. Matter 21 395502 (2009);
         "P. Giannozzi et al., J. Phys.:Condens. Matter 29 465901 (2017);
         "P. Giannozzi et al., J. Chem. Phys. 152 154105 (2020);
          URL http://www.quantum-espresso.org", 
     in publications or presentations arising from this work. More details at
     http://www.quantum-espresso.org/quote

     Parallel version (MPI), running on     1 processors

     MPI processes distributed on     1 nodes
     368302 MiB available memory on the printing compute node when the environment starts


     Reading xml data from directory:

     ./out/Nb3F8.save/

     IMPORTANT: XC functional enforced from input :
     Exchange-correlation= PBE
                           (   1   4   3   4   0   0   0)
     Any further DFT definition will be discarded
     Please, verify this is what you really want


     G-vector sticks info
     --------------------
     sticks:   dense  smooth     PW     G-vecs:    dense   smooth      PW
     Sum        3427    3427    925               267435   267435   37405

     Using Slab Decomposition


     Differentiation step:           0.000020000000
     DFT-D3 version:    3
     DFT-D3 threebody: F
     Using a general (and memory consuming) algorithm for any q 

 doing analytical gradient for version...           3
 |G(force)| =  0.24089010428332996       supercell gradient
 |G(force)| =   8.6616875881535119E-002  supercell gradient for atoms in the unit cell 
 |G(force)| =   8.6616875881535119E-002  unit cell gradient

     Number of images for CN:    5   5   3

     Number of images for VdW:   10  10   6

     DFT-D3 dispersion forces in the unit cell:
     atom    1 type  1   force =    -0.00488447    0.00000000    0.00049035
     atom    2 type  1   force =     0.00244224   -0.00423008    0.00049034
     atom    3 type  1   force =     0.00244224    0.00423009    0.00049034
     atom    4 type  1   force =     0.00488447   -0.00000000   -0.00049037
     atom    5 type  1   force =    -0.00244224    0.00423008   -0.00049035
     atom    6 type  1   force =    -0.00244224   -0.00423008   -0.00049033
     atom    7 type  2   force =    -0.00000000   -0.00000000   -0.01151471
     atom    8 type  2   force =     0.00276948    0.00000000   -0.00381728
     atom    9 type  2   force =    -0.00138475    0.00239844   -0.00381728
     atom   10 type  2   force =    -0.00138475   -0.00239844   -0.00381728
     atom   11 type  2   force =    -0.00000000   -0.00000000    0.00773426
     atom   12 type  2   force =    -0.00281205    0.00000000    0.00512844
     atom   13 type  2   force =     0.00140603   -0.00243531    0.00512844
     atom   14 type  2   force =     0.00140603    0.00243531    0.00512844
     atom   15 type  2   force =     0.00281205   -0.00000000   -0.00512844
     atom   16 type  2   force =    -0.00140602    0.00243531   -0.00512844
     atom   17 type  2   force =    -0.00140602   -0.00243531   -0.00512844
     atom   18 type  2   force =     0.00000000    0.00000000   -0.00773426
     atom   19 type  2   force =    -0.00276948   -0.00000000    0.00381728
     atom   20 type  2   force =     0.00138475   -0.00239844    0.00381728
     atom   21 type  2   force =     0.00138474    0.00239844    0.00381728
     atom   22 type  2   force =    -0.00000000   -0.00000000    0.01151472

     Number of cells replicated along each semiaxis:   10  10   6

     Number of cells used for Hessian allocations:   10  10   6
     Number of cells in the supercell (Hessian):      5733
     Number of atoms in the supercell (Hessian):    126126
     Hessian allocation dimensions:  24972948

     Three body terms in DFT-D3 disabled for Hessian calculation
     Displacement step:    1   1  -1

 doing analytical gradient for version...           3
 |G(force)| =  0.24139501872322389       supercell gradient
 |G(force)| =   8.6617099522559207E-002  supercell gradient for atoms in the unit cell 
 |G(force)| =   8.6617099522559207E-002  unit cell gradient
     Displacement step:    1   1   1

 doing analytical gradient for version...           3
 |G(force)| =  0.24139472319522712       supercell gradient
 |G(force)| =   8.6616753025048787E-002  supercell gradient for atoms in the unit cell 
 |G(force)| =   8.6616753025048787E-002  unit cell gradient
 |H(unit cell)| =   8.9638666510786956E-007
     Displacement step:    1   2  -1

 doing analytical gradient for version...           3
 |G(force)| =  0.24139503140512505       supercell gradient
 |G(force)| =   8.6617080130862376E-002  supercell gradient for atoms in the unit cell 
 |G(force)| =   8.6617080130862376E-002  unit cell gradient
     Displacement step:    1   2   1

 doing analytical gradient for version...           3
 |G(force)| =  0.24139502426862192       supercell gradient
 |G(force)| =   8.6617081601284854E-002  supercell gradient for atoms in the unit cell 
 |G(force)| =   8.6617081601284854E-002  unit cell gradient
 |H(unit cell)| =   8.8350980174084992E-007
     Displacement step:    1   3  -1

 doing analytical gradient for version...           3
 |G(force)| =  0.24139467753093183       supercell gradient
 |G(force)| =   8.6616697696870373E-002  supercell gradient for atoms in the unit cell 
 |G(force)| =   8.6616697696870373E-002  unit cell gradient
     Displacement step:    1   3   1

 doing analytical gradient for version...           3
 |G(force)| =  0.24139501052083140       supercell gradient
 |G(force)| =   8.6617100983829104E-002  supercell gradient for atoms in the unit cell 
 |G(force)| =   8.6617100983829104E-002  unit cell gradient
 |H(unit cell)| =   1.0011717028717046E-006
     Displacement step:    2   1  -1

 doing analytical gradient for version...           3
 |G(force)| =  0.24088998027559877       supercell gradient
 |G(force)| =   8.6616770558138947E-002  supercell gradient for atoms in the unit cell 
 |G(force)| =   8.6616770558138947E-002  unit cell gradient
     Displacement step:    2   1   1

 doing analytical gradient for version...           3
 |G(force)| =  0.24089029934959197       supercell gradient
 |G(force)| =   8.6617049734113910E-002  supercell gradient for atoms in the unit cell 
 |G(force)| =   8.6617049734113910E-002  unit cell gradient
 |H(unit cell)| =   7.0878887603720559E-007
     Displacement step:    2   2  -1

 doing analytical gradient for version...           3
 |G(force)| =  0.24089035090832348       supercell gradient
 |G(force)| =   8.6617067610913270E-002  supercell gradient for atoms in the unit cell 
 |G(force)| =   8.6617067610913270E-002  unit cell gradient
     Displacement step:    2   2   1

 doing analytical gradient for version...           3
 |G(force)| =  0.24088996876938554       supercell gradient
 |G(force)| =   8.6616794080298390E-002  supercell gradient for atoms in the unit cell 
 |G(force)| =   8.6616794080298390E-002  unit cell gradient
 |H(unit cell)| =   6.6565102570171761E-007
     Displacement step:    2   3  -1

 doing analytical gradient for version...           3
 |G(force)| =  0.24088997860455369       supercell gradient
 |G(force)| =   8.6616761743857407E-002  supercell gradient for atoms in the unit cell 
 |G(force)| =   8.6616761743857407E-002  unit cell gradient
     Displacement step:    2   3   1

 doing analytical gradient for version...           3
 |G(force)| =  0.24089031607349523       supercell gradient
 |G(force)| =   8.6617071451296254E-002  supercell gradient for atoms in the unit cell 
 |G(force)| =   8.6617071451296254E-002  unit cell gradient
 |H(unit cell)| =   8.0287803937744279E-007
     Displacement step:    3   1  -1

 doing analytical gradient for version...           3
 |G(force)| =  0.24104521304624030       supercell gradient
 |G(force)| =   8.6616770534964360E-002  supercell gradient for atoms in the unit cell 
 |G(force)| =   8.6616770534964360E-002  unit cell gradient
     Displacement step:    3   1   1

 doing analytical gradient for version...           3
 |G(force)| =  0.24104552150367645       supercell gradient
 |G(force)| =   8.6617049757305387E-002  supercell gradient for atoms in the unit cell 
 |G(force)| =   8.6617049757305387E-002  unit cell gradient
 |H(unit cell)| =   7.0878886423371814E-007
     Displacement step:    3   2  -1

 doing analytical gradient for version...           3
 |G(force)| =  0.24104521318010294       supercell gradient
 |G(force)| =   8.6616796880154792E-002  supercell gradient for atoms in the unit cell 
 |G(force)| =   8.6616796880154792E-002  unit cell gradient
     Displacement step:    3   2   1

 doing analytical gradient for version...           3
 |G(force)| =  0.24104556142215658       supercell gradient
 |G(force)| =   8.6617064811066444E-002  supercell gradient for atoms in the unit cell 
 |G(force)| =   8.6617064811066444E-002  unit cell gradient
 |H(unit cell)| =   6.6565103598682068E-007
     Displacement step:    3   3  -1

 doing analytical gradient for version...           3
 |G(force)| =  0.24104520306381078       supercell gradient
 |G(force)| =   8.6616759863421794E-002  supercell gradient for atoms in the unit cell 
 |G(force)| =   8.6616759863421794E-002  unit cell gradient
     Displacement step:    3   3   1

 doing analytical gradient for version...           3
 |G(force)| =  0.24104554653889590       supercell gradient
 |G(force)| =   8.6617073331749589E-002  supercell gradient for atoms in the unit cell 
 |G(force)| =   8.6617073331749589E-002  unit cell gradient
 |H(unit cell)| =   8.0287803728775237E-007
     Displacement step:    4   1  -1

 doing analytical gradient for version...           3
 |G(force)| =  0.24135818841806370       supercell gradient
 |G(force)| =   8.6616751555015983E-002  supercell gradient for atoms in the unit cell 
 |G(force)| =   8.6616751555015983E-002  unit cell gradient
     Displacement step:    4   1   1

 doing analytical gradient for version...           3
 |G(force)| =  0.24135845589582616       supercell gradient
 |G(force)| =   8.6617099627215088E-002  supercell gradient for atoms in the unit cell 
 |G(force)| =   8.6617099627215088E-002  unit cell gradient
 |H(unit cell)| =   8.9638664467933403E-007
     Displacement step:    4   2  -1

 doing analytical gradient for version...           3
 |G(force)| =  0.24135848202290372       supercell gradient
 |G(force)| =   8.6617081643544216E-002  supercell gradient for atoms in the unit cell 
 |G(force)| =   8.6617081643544216E-002  unit cell gradient
     Displacement step:    4   2   1

 doing analytical gradient for version...           3
 |G(force)| =  0.24135847663475959       supercell gradient
 |G(force)| =   8.6617079324829899E-002  supercell gradient for atoms in the unit cell 
 |G(force)| =   8.6617079324829899E-002  unit cell gradient
 |H(unit cell)| =   8.8350978550846881E-007
     Displacement step:    4   3  -1

 doing analytical gradient for version...           3
 |G(force)| =  0.24135847223044216       supercell gradient
 |G(force)| =   8.6617099546529075E-002  supercell gradient for atoms in the unit cell 
 |G(force)| =   8.6617099546529075E-002  unit cell gradient
     Displacement step:    4   3   1

 doing analytical gradient for version...           3
 |G(force)| =  0.24135811821685471       supercell gradient
 |G(force)| =   8.6616697768795076E-002  supercell gradient for atoms in the unit cell 
 |G(force)| =   8.6616697768795076E-002  unit cell gradient
 |H(unit cell)| =   1.0011716714510358E-006
     Displacement step:    5   1  -1

 doing analytical gradient for version...           3
 |G(force)| =  0.24086207356830991       supercell gradient
 |G(force)| =   8.6617048356138635E-002  supercell gradient for atoms in the unit cell 
 |G(force)| =   8.6617048356138635E-002  unit cell gradient
     Displacement step:    5   1   1

 doing analytical gradient for version...           3
 |G(force)| =  0.24086173582144058       supercell gradient
 |G(force)| =   8.6616770573005653E-002  supercell gradient for atoms in the unit cell 
 |G(force)| =   8.6616770573005653E-002  unit cell gradient
 |H(unit cell)| =   7.0878886610795599E-007
     Displacement step:    5   2  -1

 doing analytical gradient for version...           3
 |G(force)| =  0.24086174674948757       supercell gradient
 |G(force)| =   8.6616794260273119E-002  supercell gradient for atoms in the unit cell 
 |G(force)| =   8.6616794260273119E-002  unit cell gradient
     Displacement step:    5   2   1

 doing analytical gradient for version...           3
 |G(force)| =  0.24086210271977990       supercell gradient
 |G(force)| =   8.6617066096307066E-002  supercell gradient for atoms in the unit cell 
 |G(force)| =   8.6617066096307066E-002  unit cell gradient
 |H(unit cell)| =   6.6565100724695985E-007
     Displacement step:    5   3  -1

 doing analytical gradient for version...           3
 |G(force)| =  0.24086208486425939       supercell gradient
 |G(force)| =   8.6617072055304598E-002  supercell gradient for atoms in the unit cell 
 |G(force)| =   8.6617072055304598E-002  unit cell gradient
     Displacement step:    5   3   1

 doing analytical gradient for version...           3
 |G(force)| =  0.24086173994031554       supercell gradient
 |G(force)| =   8.6616760140006910E-002  supercell gradient for atoms in the unit cell 
 |G(force)| =   8.6616760140006910E-002  unit cell gradient
 |H(unit cell)| =   8.0287800962184387E-007
     Displacement step:    6   1  -1

 doing analytical gradient for version...           3
 |G(force)| =  0.24061849047874811       supercell gradient
 |G(force)| =   8.6617048213870590E-002  supercell gradient for atoms in the unit cell 
 |G(force)| =   8.6617048213870590E-002  unit cell gradient
     Displacement step:    6   1   1

 doing analytical gradient for version...           3
 |G(force)| =  0.24061817350647413       supercell gradient
 |G(force)| =   8.6616770715291030E-002  supercell gradient for atoms in the unit cell 
 |G(force)| =   8.6616770715291030E-002  unit cell gradient
 |H(unit cell)| =   7.0878885721401348E-007
     Displacement step:    6   2  -1

 doing analytical gradient for version...           3
 |G(force)| =  0.24061852678090923       supercell gradient
 |G(force)| =   8.6617063255662458E-002  supercell gradient for atoms in the unit cell 
 |G(force)| =   8.6617063255662458E-002  unit cell gradient
     Displacement step:    6   2   1

 doing analytical gradient for version...           3
 |G(force)| =  0.24061817728382379       supercell gradient
 |G(force)| =   8.6616797100927456E-002  supercell gradient for atoms in the unit cell 
 |G(force)| =   8.6616797100927456E-002  unit cell gradient
 |H(unit cell)| =   6.6565102412402451E-007
     Displacement step:    6   3  -1

 doing analytical gradient for version...           3
 |G(force)| =  0.24061851446165952       supercell gradient
 |G(force)| =   8.6617073406596454E-002  supercell gradient for atoms in the unit cell 
 |G(force)| =   8.6617073406596454E-002  unit cell gradient
     Displacement step:    6   3   1

 doing analytical gradient for version...           3
 |G(force)| =  0.24061816493837104       supercell gradient
 |G(force)| =   8.6616758788718787E-002  supercell gradient for atoms in the unit cell 
 |G(force)| =   8.6616758788718787E-002  unit cell gradient
 |H(unit cell)| =   8.0287800940245461E-007
     Displacement step:    7   1  -1

 doing analytical gradient for version...           3
 |G(force)| =  0.24070741307010840       supercell gradient
 |G(force)| =   8.6616952595737567E-002  supercell gradient for atoms in the unit cell 
 |G(force)| =   8.6616952595737567E-002  unit cell gradient
     Displacement step:    7   1   1

 doing analytical gradient for version...           3
 |G(force)| =  0.24070737184252095       supercell gradient
 |G(force)| =   8.6616919418015983E-002  supercell gradient for atoms in the unit cell 
 |G(force)| =   8.6616919418015983E-002  unit cell gradient
 |H(unit cell)| =   3.3847484690634811E-007
     Displacement step:    7   2  -1

 doing analytical gradient for version...           3
 |G(force)| =  0.24070740467995827       supercell gradient
 |G(force)| =   8.6616946574763737E-002  supercell gradient for atoms in the unit cell 
 |G(force)| =   8.6616946574763737E-002  unit cell gradient
     Displacement step:    7   2   1

 doing analytical gradient for version...           3
 |G(force)| =  0.24070740327970716       supercell gradient
 |G(force)| =   8.6616945279905003E-002  supercell gradient for atoms in the unit cell 
 |G(force)| =   8.6616945279905003E-002  unit cell gradient
 |H(unit cell)| =   3.2732801930430682E-007
     Displacement step:    7   3  -1

 doing analytical gradient for version...           3
 |G(force)| =  0.24070748201238742       supercell gradient
 |G(force)| =   8.6616995550793691E-002  supercell gradient for atoms in the unit cell 
 |G(force)| =   8.6616995550793691E-002  unit cell gradient
     Displacement step:    7   3   1

 doing analytical gradient for version...           3
 |G(force)| =  0.24070718263577870       supercell gradient
 |G(force)| =   8.6616756198685904E-002  supercell gradient for atoms in the unit cell 
 |G(force)| =   8.6616756198685904E-002  unit cell gradient
 |H(unit cell)| =   5.1066486423812771E-007
     Displacement step:    8   1  -1

 doing analytical gradient for version...           3
 |G(force)| =  0.24071800470909294       supercell gradient
 |G(force)| =   8.6616820109544287E-002  supercell gradient for atoms in the unit cell 
 |G(force)| =   8.6616820109544287E-002  unit cell gradient
     Displacement step:    8   1   1

 doing analytical gradient for version...           3
 |G(force)| =  0.24071815315693515       supercell gradient
 |G(force)| =   8.6616931640982039E-002  supercell gradient for atoms in the unit cell 
 |G(force)| =   8.6616931640982039E-002  unit cell gradient
 |H(unit cell)| =   1.2156068571818008E-007
     Displacement step:    8   2  -1

 doing analytical gradient for version...           3
 |G(force)| =  0.24071816551661462       supercell gradient
 |G(force)| =   8.6616961997536893E-002  supercell gradient for atoms in the unit cell 
 |G(force)| =   8.6616961997536893E-002  unit cell gradient
     Displacement step:    8   2   1

 doing analytical gradient for version...           3
 |G(force)| =  0.24071816741918090       supercell gradient
 |G(force)| =   8.6616963857722010E-002  supercell gradient for atoms in the unit cell 
 |G(force)| =   8.6616963857722010E-002  unit cell gradient
 |H(unit cell)| =   1.7775728606854365E-007
     Displacement step:    8   3  -1

 doing analytical gradient for version...           3
 |G(force)| =  0.24071819525158830       supercell gradient
 |G(force)| =   8.6616931583132523E-002  supercell gradient for atoms in the unit cell 
 |G(force)| =   8.6616931583132523E-002  unit cell gradient
     Displacement step:    8   3   1

 doing analytical gradient for version...           3
 |G(force)| =  0.24071796261494477       supercell gradient
 |G(force)| =   8.6616820167488617E-002  supercell gradient for atoms in the unit cell 
 |G(force)| =   8.6616820167488617E-002  unit cell gradient
 |H(unit cell)| =   1.2410389649704638E-007
     Displacement step:    9   1  -1

 doing analytical gradient for version...           3
 |G(force)| =  0.24071248315363789       supercell gradient
 |G(force)| =   8.6616923002054966E-002  supercell gradient for atoms in the unit cell 
 |G(force)| =   8.6616923002054966E-002  unit cell gradient
     Displacement step:    9   1   1

 doing analytical gradient for version...           3
 |G(force)| =  0.24071230443094663       supercell gradient
 |G(force)| =   8.6616856702599623E-002  supercell gradient for atoms in the unit cell 
 |G(force)| =   8.6616856702599623E-002  unit cell gradient
 |H(unit cell)| =   3.2948867610608048E-007
     Displacement step:    9   2  -1

 doing analytical gradient for version...           3
 |G(force)| =  0.24071233857528865       supercell gradient
 |G(force)| =   8.6616843884056813E-002  supercell gradient for atoms in the unit cell 
 |G(force)| =   8.6616843884056813E-002  unit cell gradient
     Displacement step:    9   2   1

 doing analytical gradient for version...           3
 |G(force)| =  0.24071247745128069       supercell gradient
 |G(force)| =   8.6616964255366066E-002  supercell gradient for atoms in the unit cell 
 |G(force)| =   8.6616964255366066E-002  unit cell gradient
 |H(unit cell)| =   2.8959229385204484E-007
     Displacement step:    9   3  -1

 doing analytical gradient for version...           3
 |G(force)| =  0.24071252805033333       supercell gradient
 |G(force)| =   8.6616973304414271E-002  supercell gradient for atoms in the unit cell 
 |G(force)| =   8.6616973304414271E-002  unit cell gradient
     Displacement step:    9   3   1

 doing analytical gradient for version...           3
 |G(force)| =  0.24071226388012221       supercell gradient
 |G(force)| =   8.6616806638438182E-002  supercell gradient for atoms in the unit cell 
 |G(force)| =   8.6616806638438182E-002  unit cell gradient
 |H(unit cell)| =   2.3042699206500538E-007
     Displacement step:   10   1  -1

 doing analytical gradient for version...           3
 |G(force)| =  0.24071244231837402       supercell gradient
 |G(force)| =   8.6616921872472469E-002  supercell gradient for atoms in the unit cell 
 |G(force)| =   8.6616921872472469E-002  unit cell gradient
     Displacement step:   10   1   1

 doing analytical gradient for version...           3
 |G(force)| =  0.24071226497256171       supercell gradient
 |G(force)| =   8.6616857832268995E-002  supercell gradient for atoms in the unit cell 
 |G(force)| =   8.6616857832268995E-002  unit cell gradient
 |H(unit cell)| =   3.2948867908972805E-007
     Displacement step:   10   2  -1

 doing analytical gradient for version...           3
 |G(force)| =  0.24071243880954318       supercell gradient
 |G(force)| =   8.6616965658268250E-002  supercell gradient for atoms in the unit cell 
 |G(force)| =   8.6616965658268250E-002  unit cell gradient
     Displacement step:   10   2   1

 doing analytical gradient for version...           3
 |G(force)| =  0.24071229692334489       supercell gradient
 |G(force)| =   8.6616842481186604E-002  supercell gradient for atoms in the unit cell 
 |G(force)| =   8.6616842481186604E-002  unit cell gradient
 |H(unit cell)| =   2.8959227831079994E-007
     Displacement step:   10   3  -1

 doing analytical gradient for version...           3
 |G(force)| =  0.24071248948965965       supercell gradient
 |G(force)| =   8.6616974934010299E-002  supercell gradient for atoms in the unit cell 
 |G(force)| =   8.6616974934010299E-002  unit cell gradient
     Displacement step:   10   3   1

 doing analytical gradient for version...           3
 |G(force)| =  0.24071222214706151       supercell gradient
 |G(force)| =   8.6616805008839573E-002  supercell gradient for atoms in the unit cell 
 |G(force)| =   8.6616805008839573E-002  unit cell gradient
 |H(unit cell)| =   2.3042698699343481E-007
     Displacement step:   11   1  -1

 doing analytical gradient for version...           3
 |G(force)| =  0.24071736362584117       supercell gradient
 |G(force)| =   8.6616930388474830E-002  supercell gradient for atoms in the unit cell 
 |G(force)| =   8.6616930388474830E-002  unit cell gradient
     Displacement step:   11   1   1

 doing analytical gradient for version...           3
 |G(force)| =  0.24071732015286035       supercell gradient
 |G(force)| =   8.6616943035867658E-002  supercell gradient for atoms in the unit cell 
 |G(force)| =   8.6616943035867658E-002  unit cell gradient
 |H(unit cell)| =   2.2401643206661739E-007
     Displacement step:   11   2  -1

 doing analytical gradient for version...           3
 |G(force)| =  0.24071735493160229       supercell gradient
 |G(force)| =   8.6616950131023426E-002  supercell gradient for atoms in the unit cell 
 |G(force)| =   8.6616950131023426E-002  unit cell gradient
     Displacement step:   11   2   1

 doing analytical gradient for version...           3
 |G(force)| =  0.24071735426119570       supercell gradient
 |G(force)| =   8.6616948401108174E-002  supercell gradient for atoms in the unit cell 
 |G(force)| =   8.6616948401108174E-002  unit cell gradient
 |H(unit cell)| =   1.6456852792800819E-007
     Displacement step:   11   3  -1

 doing analytical gradient for version...           3
 |G(force)| =  0.24071725699963897       supercell gradient
 |G(force)| =   8.6616840132826139E-002  supercell gradient for atoms in the unit cell 
 |G(force)| =   8.6616840132826139E-002  unit cell gradient
     Displacement step:   11   3   1

 doing analytical gradient for version...           3
 |G(force)| =  0.24071730525160109       supercell gradient
 |G(force)| =   8.6616911764711299E-002  supercell gradient for atoms in the unit cell 
 |G(force)| =   8.6616911764711299E-002  unit cell gradient
 |H(unit cell)| =   1.7941053428998562E-007
     Displacement step:   12   1  -1

 doing analytical gradient for version...           3
 |G(force)| =  0.24071117663251718       supercell gradient
 |G(force)| =   8.6616917666472212E-002  supercell gradient for atoms in the unit cell 
 |G(force)| =   8.6616917666472212E-002  unit cell gradient
     Displacement step:   12   1   1

 doing analytical gradient for version...           3
 |G(force)| =  0.24071106014720994       supercell gradient
 |G(force)| =   8.6616834335998663E-002  supercell gradient for atoms in the unit cell 
 |G(force)| =   8.6616834335998663E-002  unit cell gradient
 |H(unit cell)| =   3.5283186959693881E-007
     Displacement step:   12   2  -1

 doing analytical gradient for version...           3
 |G(force)| =  0.24071117913499307       supercell gradient
 |G(force)| =   8.6616936593291435E-002  supercell gradient for atoms in the unit cell 
 |G(force)| =   8.6616936593291435E-002  unit cell gradient
     Displacement step:   12   2   1

 doing analytical gradient for version...           3
 |G(force)| =  0.24071117861020522       supercell gradient
 |G(force)| =   8.6616936187945387E-002  supercell gradient for atoms in the unit cell 
 |G(force)| =   8.6616936187945387E-002  unit cell gradient
 |H(unit cell)| =   3.4975027689300271E-007
     Displacement step:   12   3  -1

 doing analytical gradient for version...           3
 |G(force)| =  0.24071109418330580       supercell gradient
 |G(force)| =   8.6616839952393193E-002  supercell gradient for atoms in the unit cell 
 |G(force)| =   8.6616839952393193E-002  unit cell gradient
     Displacement step:   12   3   1

 doing analytical gradient for version...           3
 |G(force)| =  0.24071114234328223       supercell gradient
 |G(force)| =   8.6616911797097976E-002  supercell gradient for atoms in the unit cell 
 |G(force)| =   8.6616911797097976E-002  unit cell gradient
 |H(unit cell)| =   4.4693427259904862E-007
     Displacement step:   13   1  -1

 doing analytical gradient for version...           3
 |G(force)| =  0.24071026123365874       supercell gradient
 |G(force)| =   8.6616863547372386E-002  supercell gradient for atoms in the unit cell 
 |G(force)| =   8.6616863547372386E-002  unit cell gradient
     Displacement step:   13   1   1

 doing analytical gradient for version...           3
 |G(force)| =  0.24071028262372729       supercell gradient
 |G(force)| =   8.6616905402912989E-002  supercell gradient for atoms in the unit cell 
 |G(force)| =   8.6616905402912989E-002  unit cell gradient
 |H(unit cell)| =   3.4778016606306184E-007
     Displacement step:   13   2  -1

 doing analytical gradient for version...           3
 |G(force)| =  0.24071033949492598       supercell gradient
 |G(force)| =   8.6616931480898246E-002  supercell gradient for atoms in the unit cell 
 |G(force)| =   8.6616931480898246E-002  unit cell gradient
     Displacement step:   13   2   1

 doing analytical gradient for version...           3
 |G(force)| =  0.24071024494029658       supercell gradient
 |G(force)| =   8.6616878060272781E-002  supercell gradient for atoms in the unit cell 
 |G(force)| =   8.6616878060272781E-002  unit cell gradient
 |H(unit cell)| =   3.3831396161251354E-007
     Displacement step:   13   3  -1

 doing analytical gradient for version...           3
 |G(force)| =  0.24071025598754767       supercell gradient
 |G(force)| =   8.6616868386922036E-002  supercell gradient for atoms in the unit cell 
 |G(force)| =   8.6616868386922036E-002  unit cell gradient
     Displacement step:   13   3   1

 doing analytical gradient for version...           3
 |G(force)| =  0.24071030688979517       supercell gradient
 |G(force)| =   8.6616919528771361E-002  supercell gradient for atoms in the unit cell 
 |G(force)| =   8.6616919528771361E-002  unit cell gradient
 |H(unit cell)| =   4.5159328998615769E-007
     Displacement step:   14   1  -1

 doing analytical gradient for version...           3
 |G(force)| =  0.24071022016446494       supercell gradient
 |G(force)| =   8.6616861211742488E-002  supercell gradient for atoms in the unit cell 
 |G(force)| =   8.6616861211742488E-002  unit cell gradient
     Displacement step:   14   1   1

 doing analytical gradient for version...           3
 |G(force)| =  0.24071024623810286       supercell gradient
 |G(force)| =   8.6616907738518031E-002  supercell gradient for atoms in the unit cell 
 |G(force)| =   8.6616907738518031E-002  unit cell gradient
 |H(unit cell)| =   3.4778016498336837E-007
     Displacement step:   14   2  -1

 doing analytical gradient for version...           3
 |G(force)| =  0.24071020873460855       supercell gradient
 |G(force)| =   8.6616880304157498E-002  supercell gradient for atoms in the unit cell 
 |G(force)| =   8.6616880304157498E-002  unit cell gradient
     Displacement step:   14   2   1

 doing analytical gradient for version...           3
 |G(force)| =  0.24071029824580786       supercell gradient
 |G(force)| =   8.6616929237001039E-002  supercell gradient for atoms in the unit cell 
 |G(force)| =   8.6616929237001039E-002  unit cell gradient
 |H(unit cell)| =   3.3831395863009693E-007
     Displacement step:   14   3  -1

 doing analytical gradient for version...           3
 |G(force)| =  0.24071021916141683       supercell gradient
 |G(force)| =   8.6616870773004825E-002  supercell gradient for atoms in the unit cell 
 |G(force)| =   8.6616870773004825E-002  unit cell gradient
     Displacement step:   14   3   1

 doing analytical gradient for version...           3
 |G(force)| =  0.24071026626111303       supercell gradient
 |G(force)| =   8.6616917142664604E-002  supercell gradient for atoms in the unit cell 
 |G(force)| =   8.6616917142664604E-002  unit cell gradient
 |H(unit cell)| =   4.5159328986882001E-007
     Displacement step:   15   1  -1

 doing analytical gradient for version...           3
 |G(force)| =  0.24071082130765140       supercell gradient
 |G(force)| =   8.6616834580931043E-002  supercell gradient for atoms in the unit cell 
 |G(force)| =   8.6616834580931043E-002  unit cell gradient
     Displacement step:   15   1   1

 doing analytical gradient for version...           3
 |G(force)| =  0.24071093433084445       supercell gradient
 |G(force)| =   8.6616917169692345E-002  supercell gradient for atoms in the unit cell 
 |G(force)| =   8.6616917169692345E-002  unit cell gradient
 |H(unit cell)| =   3.5283187063923123E-007
     Displacement step:   15   2  -1

 doing analytical gradient for version...           3
 |G(force)| =  0.24071093801813634       supercell gradient
 |G(force)| =   8.6616937036223668E-002  supercell gradient for atoms in the unit cell 
 |G(force)| =   8.6616937036223668E-002  unit cell gradient
     Displacement step:   15   2   1

 doing analytical gradient for version...           3
 |G(force)| =  0.24071093866268856       supercell gradient
 |G(force)| =   8.6616935566002987E-002  supercell gradient for atoms in the unit cell 
 |G(force)| =   8.6616935566002987E-002  unit cell gradient
 |H(unit cell)| =   3.4975027600674541E-007
     Displacement step:   15   3  -1

 doing analytical gradient for version...           3
 |G(force)| =  0.24071090571101228       supercell gradient
 |G(force)| =   8.6616911534137947E-002  supercell gradient for atoms in the unit cell 
 |G(force)| =   8.6616911534137947E-002  unit cell gradient
     Displacement step:   15   3   1

 doing analytical gradient for version...           3
 |G(force)| =  0.24071084992617631       supercell gradient
 |G(force)| =   8.6616840215376481E-002  supercell gradient for atoms in the unit cell 
 |G(force)| =   8.6616840215376481E-002  unit cell gradient
 |H(unit cell)| =   4.4693427254859897E-007
     Displacement step:   16   1  -1

 doing analytical gradient for version...           3
 |G(force)| =  0.24070891649018986       supercell gradient
 |G(force)| =   8.6616904858549282E-002  supercell gradient for atoms in the unit cell 
 |G(force)| =   8.6616904858549282E-002  unit cell gradient
     Displacement step:   16   1   1

 doing analytical gradient for version...           3
 |G(force)| =  0.24070888837511606       supercell gradient
 |G(force)| =   8.6616863271416850E-002  supercell gradient for atoms in the unit cell 
 |G(force)| =   8.6616863271416850E-002  unit cell gradient
 |H(unit cell)| =   3.4778016553955260E-007
     Displacement step:   16   2  -1

 doing analytical gradient for version...           3
 |G(force)| =  0.24070887529364474       supercell gradient
 |G(force)| =   8.6616877445020182E-002  supercell gradient for atoms in the unit cell 
 |G(force)| =   8.6616877445020182E-002  unit cell gradient
     Displacement step:   16   2   1

 doing analytical gradient for version...           3
 |G(force)| =  0.24070897031130767       supercell gradient
 |G(force)| =   8.6616931445786749E-002  supercell gradient for atoms in the unit cell 
 |G(force)| =   8.6616931445786749E-002  unit cell gradient
 |H(unit cell)| =   3.3831396246914946E-007
     Displacement step:   16   3  -1

 doing analytical gradient for version...           3
 |G(force)| =  0.24070894116686178       supercell gradient
 |G(force)| =   8.6616919639343204E-002  supercell gradient for atoms in the unit cell 
 |G(force)| =   8.6616919639343204E-002  unit cell gradient
     Displacement step:   16   3   1

 doing analytical gradient for version...           3
 |G(force)| =  0.24070888293967418       supercell gradient
 |G(force)| =   8.6616867685042620E-002  supercell gradient for atoms in the unit cell 
 |G(force)| =   8.6616867685042620E-002  unit cell gradient
 |H(unit cell)| =   4.5159329078442499E-007
     Displacement step:   17   1  -1

 doing analytical gradient for version...           3
 |G(force)| =  0.24070885474521417       supercell gradient
 |G(force)| =   8.6616908130483436E-002  supercell gradient for atoms in the unit cell 
 |G(force)| =   8.6616908130483436E-002  unit cell gradient
     Displacement step:   17   1   1

 doing analytical gradient for version...           3
 |G(force)| =  0.24070881894319068       supercell gradient
 |G(force)| =   8.6616859999455620E-002  supercell gradient for atoms in the unit cell 
 |G(force)| =   8.6616859999455620E-002  unit cell gradient
 |H(unit cell)| =   3.4778016465406822E-007
     Displacement step:   17   2  -1

 doing analytical gradient for version...           3
 |G(force)| =  0.24070890216164362       supercell gradient
 |G(force)| =   8.6616928719430303E-002  supercell gradient for atoms in the unit cell 
 |G(force)| =   8.6616928719430303E-002  unit cell gradient
     Displacement step:   17   2   1

 doing analytical gradient for version...           3
 |G(force)| =  0.24070881226642746       supercell gradient
 |G(force)| =   8.6616880171362209E-002  supercell gradient for atoms in the unit cell 
 |G(force)| =   8.6616880171362209E-002  unit cell gradient
 |H(unit cell)| =   3.3831395875580229E-007
     Displacement step:   17   3  -1

 doing analytical gradient for version...           3
 |G(force)| =  0.24070887270463795       supercell gradient
 |G(force)| =   8.6616916703782937E-002  supercell gradient for atoms in the unit cell 
 |G(force)| =   8.6616916703782937E-002  unit cell gradient
     Displacement step:   17   3   1

 doing analytical gradient for version...           3
 |G(force)| =  0.24070882022502835       supercell gradient
 |G(force)| =   8.6616870620604733E-002  supercell gradient for atoms in the unit cell 
 |G(force)| =   8.6616870620604733E-002  unit cell gradient
 |H(unit cell)| =   4.5159329065286039E-007
     Displacement step:   18   1  -1

 doing analytical gradient for version...           3
 |G(force)| =  0.24071708737588418       supercell gradient
 |G(force)| =   8.6616942513047537E-002  supercell gradient for atoms in the unit cell 
 |G(force)| =   8.6616942513047537E-002  unit cell gradient
     Displacement step:   18   1   1

 doing analytical gradient for version...           3
 |G(force)| =  0.24071713139574269       supercell gradient
 |G(force)| =   8.6616930636586972E-002  supercell gradient for atoms in the unit cell 
 |G(force)| =   8.6616930636586972E-002  unit cell gradient
 |H(unit cell)| =   2.2401643268754045E-007
     Displacement step:   18   2  -1

 doing analytical gradient for version...           3
 |G(force)| =  0.24071712081667623       supercell gradient
 |G(force)| =   8.6616947821119963E-002  supercell gradient for atoms in the unit cell 
 |G(force)| =   8.6616947821119963E-002  unit cell gradient
     Displacement step:   18   2   1

 doing analytical gradient for version...           3
 |G(force)| =  0.24071712298275030       supercell gradient
 |G(force)| =   8.6616950049410807E-002  supercell gradient for atoms in the unit cell 
 |G(force)| =   8.6616950049410807E-002  unit cell gradient
 |H(unit cell)| =   1.6456852756932070E-007
     Displacement step:   18   3  -1

 doing analytical gradient for version...           3
 |G(force)| =  0.24071707451692453       supercell gradient
 |G(force)| =   8.6616911393012780E-002  supercell gradient for atoms in the unit cell 
 |G(force)| =   8.6616911393012780E-002  unit cell gradient
     Displacement step:   18   3   1

 doing analytical gradient for version...           3
 |G(force)| =  0.24071702285403254       supercell gradient
 |G(force)| =   8.6616840356513347E-002  supercell gradient for atoms in the unit cell 
 |G(force)| =   8.6616840356513347E-002  unit cell gradient
 |H(unit cell)| =   1.7941053570228335E-007
     Displacement step:   19   1  -1

 doing analytical gradient for version...           3
 |G(force)| =  0.24071344037608480       supercell gradient
 |G(force)| =   8.6616931440871278E-002  supercell gradient for atoms in the unit cell 
 |G(force)| =   8.6616931440871278E-002  unit cell gradient
     Displacement step:   19   1   1

 doing analytical gradient for version...           3
 |G(force)| =  0.24071329464905231       supercell gradient
 |G(force)| =   8.6616820309658352E-002  supercell gradient for atoms in the unit cell 
 |G(force)| =   8.6616820309658352E-002  unit cell gradient
 |H(unit cell)| =   1.2156068237198370E-007
     Displacement step:   19   2  -1

 doing analytical gradient for version...           3
 |G(force)| =  0.24071345610878336       supercell gradient
 |G(force)| =   8.6616963973186495E-002  supercell gradient for atoms in the unit cell 
 |G(force)| =   8.6616963973186495E-002  unit cell gradient
     Displacement step:   19   2   1

 doing analytical gradient for version...           3
 |G(force)| =  0.24071345321720003       supercell gradient
 |G(force)| =   8.6616961116284710E-002  supercell gradient for atoms in the unit cell 
 |G(force)| =   8.6616961116284710E-002  unit cell gradient
 |H(unit cell)| =   1.7775728538008766E-007
     Displacement step:   19   3  -1

 doing analytical gradient for version...           3
 |G(force)| =  0.24071325086688397       supercell gradient
 |G(force)| =   8.6616820147236873E-002  supercell gradient for atoms in the unit cell 
 |G(force)| =   8.6616820147236873E-002  unit cell gradient
     Displacement step:   19   3   1

 doing analytical gradient for version...           3
 |G(force)| =  0.24071348415871729       supercell gradient
 |G(force)| =   8.6616931603383504E-002  supercell gradient for atoms in the unit cell 
 |G(force)| =   8.6616931603383504E-002  unit cell gradient
 |H(unit cell)| =   1.2410389237442055E-007
     Displacement step:   20   1  -1

 doing analytical gradient for version...           3
 |G(force)| =  0.24071190769048942       supercell gradient
 |G(force)| =   8.6616855446492128E-002  supercell gradient for atoms in the unit cell 
 |G(force)| =   8.6616855446492128E-002  unit cell gradient
     Displacement step:   20   1   1

 doing analytical gradient for version...           3
 |G(force)| =  0.24071208722123288       supercell gradient
 |G(force)| =   8.6616923410194627E-002  supercell gradient for atoms in the unit cell 
 |G(force)| =   8.6616923410194627E-002  unit cell gradient
 |H(unit cell)| =   3.2948867518859663E-007
     Displacement step:   20   2  -1

 doing analytical gradient for version...           3
 |G(force)| =  0.24071208110060444       supercell gradient
 |G(force)| =   8.6616963246875053E-002  supercell gradient for atoms in the unit cell 
 |G(force)| =   8.6616963246875053E-002  unit cell gradient
     Displacement step:   20   2   1

 doing analytical gradient for version...           3
 |G(force)| =  0.24071194226480871       supercell gradient
 |G(force)| =   8.6616844048462371E-002  supercell gradient for atoms in the unit cell 
 |G(force)| =   8.6616844048462371E-002  unit cell gradient
 |H(unit cell)| =   2.8959229235552799E-007
     Displacement step:   20   3  -1

 doing analytical gradient for version...           3
 |G(force)| =  0.24071186798944652       supercell gradient
 |G(force)| =   8.6616806424272413E-002  supercell gradient for atoms in the unit cell 
 |G(force)| =   8.6616806424272413E-002  unit cell gradient
     Displacement step:   20   3   1

 doing analytical gradient for version...           3
 |G(force)| =  0.24071213145199716       supercell gradient
 |G(force)| =   8.6616972855160554E-002  supercell gradient for atoms in the unit cell 
 |G(force)| =   8.6616972855160554E-002  unit cell gradient
 |H(unit cell)| =   2.3042698997585132E-007
     Displacement step:   21   1  -1

 doing analytical gradient for version...           3
 |G(force)| =  0.24070959570814496       supercell gradient
 |G(force)| =   8.6616857571370845E-002  supercell gradient for atoms in the unit cell 
 |G(force)| =   8.6616857571370845E-002  unit cell gradient
     Displacement step:   21   1   1

 doing analytical gradient for version...           3
 |G(force)| =  0.24070977171301919       supercell gradient
 |G(force)| =   8.6616921285403020E-002  supercell gradient for atoms in the unit cell 
 |G(force)| =   8.6616921285403020E-002  unit cell gradient
 |H(unit cell)| =   3.2948867842326892E-007
     Displacement step:   21   2  -1

 doing analytical gradient for version...           3
 |G(force)| =  0.24070962659088879       supercell gradient
 |G(force)| =   8.6616842138641167E-002  supercell gradient for atoms in the unit cell 
 |G(force)| =   8.6616842138641167E-002  unit cell gradient
     Displacement step:   21   2   1

 doing analytical gradient for version...           3
 |G(force)| =  0.24070976928393376       supercell gradient
 |G(force)| =   8.6616965156727441E-002  supercell gradient for atoms in the unit cell 
 |G(force)| =   8.6616965156727441E-002  unit cell gradient
 |H(unit cell)| =   2.8959227713362245E-007
     Displacement step:   21   3  -1

 doing analytical gradient for version...           3
 |G(force)| =  0.24070955210597575       supercell gradient
 |G(force)| =   8.6616804283272231E-002  supercell gradient for atoms in the unit cell 
 |G(force)| =   8.6616804283272231E-002  unit cell gradient
     Displacement step:   21   3   1

 doing analytical gradient for version...           3
 |G(force)| =  0.24070981984482284       supercell gradient
 |G(force)| =   8.6616974996159668E-002  supercell gradient for atoms in the unit cell 
 |G(force)| =   8.6616974996159668E-002  unit cell gradient
 |H(unit cell)| =   2.3042698523777001E-007
     Displacement step:   22   1  -1

 doing analytical gradient for version...           3
 |G(force)| =  0.24070466461179471       supercell gradient
 |G(force)| =   8.6616919660142760E-002  supercell gradient for atoms in the unit cell 
 |G(force)| =   8.6616919660142760E-002  unit cell gradient
     Displacement step:   22   1   1

 doing analytical gradient for version...           3
 |G(force)| =  0.24070470342427511       supercell gradient
 |G(force)| =   8.6616951110597140E-002  supercell gradient for atoms in the unit cell 
 |G(force)| =   8.6616951110597140E-002  unit cell gradient
 |H(unit cell)| =   3.3847484588107429E-007
     Displacement step:   22   2  -1

 doing analytical gradient for version...           3
 |G(force)| =  0.24070469473692388       supercell gradient
 |G(force)| =   8.6616944648063299E-002  supercell gradient for atoms in the unit cell 
 |G(force)| =   8.6616944648063299E-002  unit cell gradient
     Displacement step:   22   2   1

 doing analytical gradient for version...           3
 |G(force)| =  0.24070469688558307       supercell gradient
 |G(force)| =   8.6616946496635511E-002  supercell gradient for atoms in the unit cell 
 |G(force)| =   8.6616946496635511E-002  unit cell gradient
 |H(unit cell)| =   3.2732801812525014E-007
     Displacement step:   22   3  -1

 doing analytical gradient for version...           3
 |G(force)| =  0.24070447522665675       supercell gradient
 |G(force)| =   8.6616756198688499E-002  supercell gradient for atoms in the unit cell 
 |G(force)| =   8.6616756198688499E-002  unit cell gradient
     Displacement step:   22   3   1

 doing analytical gradient for version...           3
 |G(force)| =  0.24070477378811503       supercell gradient
 |G(force)| =   8.6616995550791359E-002  supercell gradient for atoms in the unit cell 
 |G(force)| =   8.6616995550791359E-002  unit cell gradient
 |H(unit cell)| =   5.1066486218306971E-007

     Writing Hessian on file: ./out/Nb3F8.hess
     force_dftd3  :      0.19s CPU      0.19s WALL (       1 calls)
     hessian_dftd :     25.15s CPU     25.51s WALL (       1 calls)

     d3hess       :     40.18s CPU     41.95s WALL


   This run was terminated on:  12: 8:40  30May2025            

=------------------------------------------------------------------------------=
   JOB DONE.
=------------------------------------------------------------------------------=
