
     Program d3hess v.7.4.1 starts on  9May2025 at 13:55:24 

     This program is part of the open-source Quantum ESPRESSO suite
     for quantum simulation of materials; please cite
         "P. Giannozzi et al., J. Phys.:Condens. Matter 21 395502 (2009);
         "P. Giannozzi et al., J. Phys.:Condens. Matter 29 465901 (2017);
         "P. Giannozzi et al., J. Chem. Phys. 152 154105 (2020);
          URL http://www.quantum-espresso.org", 
     in publications or presentations arising from this work. More details at
     http://www.quantum-espresso.org/quote

     Parallel version (MPI), running on     1 processors

     MPI processes distributed on     1 nodes
     361630 MiB available memory on the printing compute node when the environment starts


     Reading xml data from directory:

     ./out/Nb3I8.save/

     IMPORTANT: XC functional enforced from input :
     Exchange-correlation= PBE
                           (   1   4   3   4   0   0   0)
     Any further DFT definition will be discarded
     Please, verify this is what you really want


     G-vector sticks info
     --------------------
     sticks:   dense  smooth     PW     G-vecs:    dense   smooth      PW
     Sum        5731    5731   1519               631887   631887   86161

     Using Slab Decomposition


     Differentiation step:           0.000020000000
     DFT-D3 version:    3
     DFT-D3 threebody: F
     Using a general (and memory consuming) algorithm for any q 

 doing analytical gradient for version...           3
 |G(force)| =  0.13716535173662747       supercell gradient
 |G(force)| =   1.6743761902509136E-002  supercell gradient for atoms in the unit cell 
 |G(force)| =   1.6743761902509136E-002  unit cell gradient

     Number of images for CN:    4   4   2

     Number of images for VdW:    8   8   4

     DFT-D3 dispersion forces in the unit cell:
     atom    1 type  1   force =     0.00081243    0.00000000   -0.00004331
     atom    2 type  1   force =    -0.00040620    0.00070358   -0.00004332
     atom    3 type  1   force =    -0.00040621   -0.00070357   -0.00004333
     atom    4 type  1   force =    -0.00081242   -0.00000000    0.00004324
     atom    5 type  1   force =     0.00040620   -0.00070357    0.00004326
     atom    6 type  1   force =     0.00040621    0.00070357    0.00004328
     atom    7 type  2   force =    -0.00000001   -0.00000000    0.00071843
     atom    8 type  2   force =     0.00117400   -0.00000000   -0.00128774
     atom    9 type  2   force =    -0.00058714    0.00101682   -0.00128777
     atom   10 type  2   force =    -0.00058713   -0.00101682   -0.00128779
     atom   11 type  2   force =    -0.00000006   -0.00000000    0.00209833
     atom   12 type  2   force =    -0.00063921    0.00000000   -0.00004473
     atom   13 type  2   force =     0.00031965   -0.00055361   -0.00004473
     atom   14 type  2   force =     0.00031965    0.00055361   -0.00004473
     atom   15 type  2   force =     0.00063928   -0.00000000    0.00004467
     atom   16 type  2   force =    -0.00031960    0.00055361    0.00004468
     atom   17 type  2   force =    -0.00031961   -0.00055362    0.00004469
     atom   18 type  2   force =     0.00000007    0.00000000   -0.00209834
     atom   19 type  2   force =    -0.00117404    0.00000000    0.00128779
     atom   20 type  2   force =     0.00058710   -0.00101683    0.00128784
     atom   21 type  2   force =     0.00058708    0.00101683    0.00128786
     atom   22 type  2   force =    -0.00000005   -0.00000000   -0.00071826

     Number of cells replicated along each semiaxis:    8   8   4

     Number of cells used for Hessian allocations:    8   8   4
     Number of cells in the supercell (Hessian):      2601
     Number of atoms in the supercell (Hessian):     57222
     Hessian allocation dimensions:  11329956

     Three body terms in DFT-D3 disabled for Hessian calculation
     Displacement step:    1   1  -1

 doing analytical gradient for version...           3
 |G(force)| =  0.13722792207063472       supercell gradient
 |G(force)| =   1.6743758167196886E-002  supercell gradient for atoms in the unit cell 
 |G(force)| =   1.6743758167196886E-002  unit cell gradient
     Displacement step:    1   1   1

 doing analytical gradient for version...           3
 |G(force)| =  0.13722788610181844       supercell gradient
 |G(force)| =   1.6743765638800111E-002  supercell gradient for atoms in the unit cell 
 |G(force)| =   1.6743765638800111E-002  unit cell gradient
 |H(unit cell)| =   1.1100518565195983E-007
     Displacement step:    1   2  -1

 doing analytical gradient for version...           3
 |G(force)| =  0.13722791470392923       supercell gradient
 |G(force)| =   1.6743769648114058E-002  supercell gradient for atoms in the unit cell 
 |G(force)| =   1.6743769648114058E-002  unit cell gradient
     Displacement step:    1   2   1

 doing analytical gradient for version...           3
 |G(force)| =  0.13722791018485986       supercell gradient
 |G(force)| =   1.6743769387157510E-002  supercell gradient for atoms in the unit cell 
 |G(force)| =   1.6743769387157510E-002  unit cell gradient
 |H(unit cell)| =   6.5406597561809669E-008
     Displacement step:    1   3  -1

 doing analytical gradient for version...           3
 |G(force)| =  0.13722791970220394       supercell gradient
 |G(force)| =   1.6743773983637331E-002  supercell gradient for atoms in the unit cell 
 |G(force)| =   1.6743773983637331E-002  unit cell gradient
     Displacement step:    1   3   1

 doing analytical gradient for version...           3
 |G(force)| =  0.13722788847114556       supercell gradient
 |G(force)| =   1.6743749822149635E-002  supercell gradient for atoms in the unit cell 
 |G(force)| =   1.6743749822149635E-002  unit cell gradient
 |H(unit cell)| =   1.1638015759264002E-007
     Displacement step:    2   1  -1

 doing analytical gradient for version...           3
 |G(force)| =  0.13716536015593300       supercell gradient
 |G(force)| =   1.6743771012300322E-002  supercell gradient for atoms in the unit cell 
 |G(force)| =   1.6743771012300322E-002  unit cell gradient
     Displacement step:    2   1   1

 doing analytical gradient for version...           3
 |G(force)| =  0.13716534963878718       supercell gradient
 |G(force)| =   1.6743757860770474E-002  supercell gradient for atoms in the unit cell 
 |G(force)| =   1.6743757860770474E-002  unit cell gradient
 |H(unit cell)| =   9.6044736419844989E-008
     Displacement step:    2   2  -1

 doing analytical gradient for version...           3
 |G(force)| =  0.13716535682325012       supercell gradient
 |G(force)| =   1.6743769180992983E-002  supercell gradient for atoms in the unit cell 
 |G(force)| =   1.6743769180992983E-002  unit cell gradient
     Displacement step:    2   2   1

 doing analytical gradient for version...           3
 |G(force)| =  0.13716535507802291       supercell gradient
 |G(force)| =   1.6743762084412514E-002  supercell gradient for atoms in the unit cell 
 |G(force)| =   1.6743762084412514E-002  unit cell gradient
 |H(unit cell)| =   8.8714482873515033E-008
     Displacement step:    2   3  -1

 doing analytical gradient for version...           3
 |G(force)| =  0.13716536738244051       supercell gradient
 |G(force)| =   1.6743778541677270E-002  supercell gradient for atoms in the unit cell 
 |G(force)| =   1.6743778541677270E-002  unit cell gradient
     Displacement step:    2   3   1

 doing analytical gradient for version...           3
 |G(force)| =  0.13716534177881981       supercell gradient
 |G(force)| =   1.6743749597797359E-002  supercell gradient for atoms in the unit cell 
 |G(force)| =   1.6743749597797359E-002  unit cell gradient
 |H(unit cell)| =   1.1193167051153897E-007
     Displacement step:    3   1  -1

 doing analytical gradient for version...           3
 |G(force)| =  0.13715255235367307       supercell gradient
 |G(force)| =   1.6743769454189719E-002  supercell gradient for atoms in the unit cell 
 |G(force)| =   1.6743769454189719E-002  unit cell gradient
     Displacement step:    3   1   1

 doing analytical gradient for version...           3
 |G(force)| =  0.13715254516641140       supercell gradient
 |G(force)| =   1.6743759418882370E-002  supercell gradient for atoms in the unit cell 
 |G(force)| =   1.6743759418882370E-002  unit cell gradient
 |H(unit cell)| =   9.6044730049418891E-008
     Displacement step:    3   2  -1

 doing analytical gradient for version...           3
 |G(force)| =  0.13715254950837999       supercell gradient
 |G(force)| =   1.6743762862127372E-002  supercell gradient for atoms in the unit cell 
 |G(force)| =   1.6743762862127372E-002  unit cell gradient
     Displacement step:    3   2   1

 doing analytical gradient for version...           3
 |G(force)| =  0.13715255011820557       supercell gradient
 |G(force)| =   1.6743768403268692E-002  supercell gradient for atoms in the unit cell 
 |G(force)| =   1.6743768403268692E-002  unit cell gradient
 |H(unit cell)| =   8.8714465354482496E-008
     Displacement step:    3   3  -1

 doing analytical gradient for version...           3
 |G(force)| =  0.13715256124008265       supercell gradient
 |G(force)| =   1.6743777930277128E-002  supercell gradient for atoms in the unit cell 
 |G(force)| =   1.6743777930277128E-002  unit cell gradient
     Displacement step:    3   3   1

 doing analytical gradient for version...           3
 |G(force)| =  0.13715253564652413       supercell gradient
 |G(force)| =   1.6743750209211098E-002  supercell gradient for atoms in the unit cell 
 |G(force)| =   1.6743750209211098E-002  unit cell gradient
 |H(unit cell)| =   1.1193166629458556E-007
     Displacement step:    4   1  -1

 doing analytical gradient for version...           3
 |G(force)| =  0.13722567890660634       supercell gradient
 |G(force)| =   1.6743762732903296E-002  supercell gradient for atoms in the unit cell 
 |G(force)| =   1.6743762732903296E-002  unit cell gradient
     Displacement step:    4   1   1

 doing analytical gradient for version...           3
 |G(force)| =  0.13722568887186412       supercell gradient
 |G(force)| =   1.6743761073037541E-002  supercell gradient for atoms in the unit cell 
 |G(force)| =   1.6743761073037541E-002  unit cell gradient
 |H(unit cell)| =   1.1100515808648288E-007
     Displacement step:    4   2  -1

 doing analytical gradient for version...           3
 |G(force)| =  0.13722569311825070       supercell gradient
 |G(force)| =   1.6743770445602629E-002  supercell gradient for atoms in the unit cell 
 |G(force)| =   1.6743770445602629E-002  unit cell gradient
     Displacement step:    4   2   1

 doing analytical gradient for version...           3
 |G(force)| =  0.13722569256026401       supercell gradient
 |G(force)| =   1.6743769774479063E-002  supercell gradient for atoms in the unit cell 
 |G(force)| =   1.6743769774479063E-002  unit cell gradient
 |H(unit cell)| =   6.5406566768238090E-008
     Displacement step:    4   3  -1

 doing analytical gradient for version...           3
 |G(force)| =  0.13722567558878815       supercell gradient
 |G(force)| =   1.6743747315224891E-002  supercell gradient for atoms in the unit cell 
 |G(force)| =   1.6743747315224891E-002  unit cell gradient
     Displacement step:    4   3   1

 doing analytical gradient for version...           3
 |G(force)| =  0.13722569219064673       supercell gradient
 |G(force)| =   1.6743776490521053E-002  supercell gradient for atoms in the unit cell 
 |G(force)| =   1.6743776490521053E-002  unit cell gradient
 |H(unit cell)| =   1.1638008176386476E-007
     Displacement step:    5   1  -1

 doing analytical gradient for version...           3
 |G(force)| =  0.13715076086022876       supercell gradient
 |G(force)| =   1.6743757254082493E-002  supercell gradient for atoms in the unit cell 
 |G(force)| =   1.6743757254082493E-002  unit cell gradient
     Displacement step:    5   1   1

 doing analytical gradient for version...           3
 |G(force)| =  0.13715074318192597       supercell gradient
 |G(force)| =   1.6743771762443519E-002  supercell gradient for atoms in the unit cell 
 |G(force)| =   1.6743771762443519E-002  unit cell gradient
 |H(unit cell)| =   9.6044716440653406E-008
     Displacement step:    5   2  -1

 doing analytical gradient for version...           3
 |G(force)| =  0.13715075758594922       supercell gradient
 |G(force)| =   1.6743762688559791E-002  supercell gradient for atoms in the unit cell 
 |G(force)| =   1.6743762688559791E-002  unit cell gradient
     Displacement step:    5   2   1

 doing analytical gradient for version...           3
 |G(force)| =  0.13715074818619374       supercell gradient
 |G(force)| =   1.6743768343860606E-002  supercell gradient for atoms in the unit cell 
 |G(force)| =   1.6743768343860606E-002  unit cell gradient
 |H(unit cell)| =   8.8714459143690570E-008
     Displacement step:    5   3  -1

 doing analytical gradient for version...           3
 |G(force)| =  0.13715072775170184       supercell gradient
 |G(force)| =   1.6743751496087565E-002  supercell gradient for atoms in the unit cell 
 |G(force)| =   1.6743751496087565E-002  unit cell gradient
     Displacement step:    5   3   1

 doing analytical gradient for version...           3
 |G(force)| =  0.13715077567651524       supercell gradient
 |G(force)| =   1.6743776806163388E-002  supercell gradient for atoms in the unit cell 
 |G(force)| =   1.6743776806163388E-002  unit cell gradient
 |H(unit cell)| =   1.1193159776947966E-007
     Displacement step:    6   1  -1

 doing analytical gradient for version...           3
 |G(force)| =  0.13715016759850454       supercell gradient
 |G(force)| =   1.6743757431982292E-002  supercell gradient for atoms in the unit cell 
 |G(force)| =   1.6743757431982292E-002  unit cell gradient
     Displacement step:    6   1   1

 doing analytical gradient for version...           3
 |G(force)| =  0.13715015344224654       supercell gradient
 |G(force)| =   1.6743771584542527E-002  supercell gradient for atoms in the unit cell 
 |G(force)| =   1.6743771584542527E-002  unit cell gradient
 |H(unit cell)| =   9.6044715013406026E-008
     Displacement step:    6   2  -1

 doing analytical gradient for version...           3
 |G(force)| =  0.13715015552642226       supercell gradient
 |G(force)| =   1.6743767232317800E-002  supercell gradient for atoms in the unit cell 
 |G(force)| =   1.6743767232317800E-002  unit cell gradient
     Displacement step:    6   2   1

 doing analytical gradient for version...           3
 |G(force)| =  0.13715016724429702       supercell gradient
 |G(force)| =   1.6743763800104009E-002  supercell gradient for atoms in the unit cell 
 |G(force)| =   1.6743763800104009E-002  unit cell gradient
 |H(unit cell)| =   8.8714448001442438E-008
     Displacement step:    6   3  -1

 doing analytical gradient for version...           3
 |G(force)| =  0.13715013604687526       supercell gradient
 |G(force)| =   1.6743750980730467E-002  supercell gradient for atoms in the unit cell 
 |G(force)| =   1.6743750980730467E-002  unit cell gradient
     Displacement step:    6   3   1

 doing analytical gradient for version...           3
 |G(force)| =  0.13715018437992349       supercell gradient
 |G(force)| =   1.6743777321528524E-002  supercell gradient for atoms in the unit cell 
 |G(force)| =   1.6743777321528524E-002  unit cell gradient
 |H(unit cell)| =   1.1193159257949243E-007
     Displacement step:    7   1  -1

 doing analytical gradient for version...           3
 |G(force)| =  0.13706701189461690       supercell gradient
 |G(force)| =   1.6743765019829750E-002  supercell gradient for atoms in the unit cell 
 |G(force)| =   1.6743765019829750E-002  unit cell gradient
     Displacement step:    7   1   1

 doing analytical gradient for version...           3
 |G(force)| =  0.13706698288540123       supercell gradient
 |G(force)| =   1.6743763733564492E-002  supercell gradient for atoms in the unit cell 
 |G(force)| =   1.6743763733564492E-002  unit cell gradient
 |H(unit cell)| =   6.5517631648611485E-008
     Displacement step:    7   2  -1

 doing analytical gradient for version...           3
 |G(force)| =  0.13706700455192755       supercell gradient
 |G(force)| =   1.6743768130353193E-002  supercell gradient for atoms in the unit cell 
 |G(force)| =   1.6743768130353193E-002  unit cell gradient
     Displacement step:    7   2   1

 doing analytical gradient for version...           3
 |G(force)| =  0.13706700205826713       supercell gradient
 |G(force)| =   1.6743767593340654E-002  supercell gradient for atoms in the unit cell 
 |G(force)| =   1.6743767593340654E-002  unit cell gradient
 |H(unit cell)| =   4.6395369262334000E-008
     Displacement step:    7   3  -1

 doing analytical gradient for version...           3
 |G(force)| =  0.13706699170905332       supercell gradient
 |G(force)| =   1.6743754656137380E-002  supercell gradient for atoms in the unit cell 
 |G(force)| =   1.6743754656137380E-002  unit cell gradient
     Displacement step:    7   3   1

 doing analytical gradient for version...           3
 |G(force)| =  0.13706699812264866       supercell gradient
 |G(force)| =   1.6743769147757971E-002  supercell gradient for atoms in the unit cell 
 |G(force)| =   1.6743769147757971E-002  unit cell gradient
 |H(unit cell)| =   6.0558145545214662E-008
     Displacement step:    8   1  -1

 doing analytical gradient for version...           3
 |G(force)| =  0.13708879738796018       supercell gradient
 |G(force)| =   1.6743782387414845E-002  supercell gradient for atoms in the unit cell 
 |G(force)| =   1.6743782387414845E-002  unit cell gradient
     Displacement step:    8   1   1

 doing analytical gradient for version...           3
 |G(force)| =  0.13708873821532314       supercell gradient
 |G(force)| =   1.6743741416609420E-002  supercell gradient for atoms in the unit cell 
 |G(force)| =   1.6743741416609420E-002  unit cell gradient
 |H(unit cell)| =   7.6220496390267667E-008
     Displacement step:    8   2  -1

 doing analytical gradient for version...           3
 |G(force)| =  0.13708879109388478       supercell gradient
 |G(force)| =   1.6743782007791828E-002  supercell gradient for atoms in the unit cell 
 |G(force)| =   1.6743782007791828E-002  unit cell gradient
     Displacement step:    8   2   1

 doing analytical gradient for version...           3
 |G(force)| =  0.13708879059471171       supercell gradient
 |G(force)| =   1.6743783465858010E-002  supercell gradient for atoms in the unit cell 
 |G(force)| =   1.6743783465858010E-002  unit cell gradient
 |H(unit cell)| =   6.7134699621791857E-008
     Displacement step:    8   3  -1

 doing analytical gradient for version...           3
 |G(force)| =  0.13708870668192949       supercell gradient
 |G(force)| =   1.6743738370165937E-002  supercell gradient for atoms in the unit cell 
 |G(force)| =   1.6743738370165937E-002  unit cell gradient
     Displacement step:    8   3   1

 doing analytical gradient for version...           3
 |G(force)| =  0.13708882892051852       supercell gradient
 |G(force)| =   1.6743785433791805E-002  supercell gradient for atoms in the unit cell 
 |G(force)| =   1.6743785433791805E-002  unit cell gradient
 |H(unit cell)| =   7.6933579552813129E-008
     Displacement step:    9   1  -1

 doing analytical gradient for version...           3
 |G(force)| =  0.13709028359687653       supercell gradient
 |G(force)| =   1.6743753187053203E-002  supercell gradient for atoms in the unit cell 
 |G(force)| =   1.6743753187053203E-002  unit cell gradient
     Displacement step:    9   1   1

 doing analytical gradient for version...           3
 |G(force)| =  0.13709034341151075       supercell gradient
 |G(force)| =   1.6743790304789927E-002  supercell gradient for atoms in the unit cell 
 |G(force)| =   1.6743790304789927E-002  unit cell gradient
 |H(unit cell)| =   1.5269028664698934E-007
     Displacement step:    9   2  -1

 doing analytical gradient for version...           3
 |G(force)| =  0.13709032684275985       supercell gradient
 |G(force)| =   1.6743779558159731E-002  supercell gradient for atoms in the unit cell 
 |G(force)| =   1.6743779558159731E-002  unit cell gradient
     Displacement step:    9   2   1

 doing analytical gradient for version...           3
 |G(force)| =  0.13709028898512945       supercell gradient
 |G(force)| =   1.6743753861271190E-002  supercell gradient for atoms in the unit cell 
 |G(force)| =   1.6743753861271190E-002  unit cell gradient
 |H(unit cell)| =   1.0269559451087962E-007
     Displacement step:    9   3  -1

 doing analytical gradient for version...           3
 |G(force)| =  0.13709028409041382       supercell gradient
 |G(force)| =   1.6743762193510685E-002  supercell gradient for atoms in the unit cell 
 |G(force)| =   1.6743762193510685E-002  unit cell gradient
     Displacement step:    9   3   1

 doing analytical gradient for version...           3
 |G(force)| =  0.13709033213161451       supercell gradient
 |G(force)| =   1.6743766037545876E-002  supercell gradient for atoms in the unit cell 
 |G(force)| =   1.6743766037545876E-002  unit cell gradient
 |H(unit cell)| =   1.3920677418630043E-007
     Displacement step:   10   1  -1

 doing analytical gradient for version...           3
 |G(force)| =  0.13713689245012808       supercell gradient
 |G(force)| =   1.6743754399406893E-002  supercell gradient for atoms in the unit cell 
 |G(force)| =   1.6743754399406893E-002  unit cell gradient
     Displacement step:   10   1   1

 doing analytical gradient for version...           3
 |G(force)| =  0.13713694683726849       supercell gradient
 |G(force)| =   1.6743789092481139E-002  supercell gradient for atoms in the unit cell 
 |G(force)| =   1.6743789092481139E-002  unit cell gradient
 |H(unit cell)| =   1.5269028707466414E-007
     Displacement step:   10   2  -1

 doing analytical gradient for version...           3
 |G(force)| =  0.13713689561660328       supercell gradient
 |G(force)| =   1.6743754065233506E-002  supercell gradient for atoms in the unit cell 
 |G(force)| =   1.6743754065233506E-002  unit cell gradient
     Displacement step:   10   2   1

 doing analytical gradient for version...           3
 |G(force)| =  0.13713693249024220       supercell gradient
 |G(force)| =   1.6743779354197724E-002  supercell gradient for atoms in the unit cell 
 |G(force)| =   1.6743779354197724E-002  unit cell gradient
 |H(unit cell)| =   1.0269559901701534E-007
     Displacement step:   10   3  -1

 doing analytical gradient for version...           3
 |G(force)| =  0.13713689062573856       supercell gradient
 |G(force)| =   1.6743762634678732E-002  supercell gradient for atoms in the unit cell 
 |G(force)| =   1.6743762634678732E-002  unit cell gradient
     Displacement step:   10   3   1

 doing analytical gradient for version...           3
 |G(force)| =  0.13713693787526887       supercell gradient
 |G(force)| =   1.6743765596407962E-002  supercell gradient for atoms in the unit cell 
 |G(force)| =   1.6743765596407962E-002  unit cell gradient
 |H(unit cell)| =   1.3920677559300659E-007
     Displacement step:   11   1  -1

 doing analytical gradient for version...           3
 |G(force)| =  0.13701725144327329       supercell gradient
 |G(force)| =   1.6743759667575731E-002  supercell gradient for atoms in the unit cell 
 |G(force)| =   1.6743759667575731E-002  unit cell gradient
     Displacement step:   11   1   1

 doing analytical gradient for version...           3
 |G(force)| =  0.13701730474748899       supercell gradient
 |G(force)| =   1.6743764137956692E-002  supercell gradient for atoms in the unit cell 
 |G(force)| =   1.6743764137956692E-002  unit cell gradient
 |H(unit cell)| =   9.3742978318792464E-008
     Displacement step:   11   2  -1

 doing analytical gradient for version...           3
 |G(force)| =  0.13701728244614680       supercell gradient
 |G(force)| =   1.6743766732906215E-002  supercell gradient for atoms in the unit cell 
 |G(force)| =   1.6743766732906215E-002  unit cell gradient
     Displacement step:   11   2   1

 doing analytical gradient for version...           3
 |G(force)| =  0.13701728451111742       supercell gradient
 |G(force)| =   1.6743766615442888E-002  supercell gradient for atoms in the unit cell 
 |G(force)| =   1.6743766615442888E-002  unit cell gradient
 |H(unit cell)| =   3.7943439477330040E-008
     Displacement step:   11   3  -1

 doing analytical gradient for version...           3
 |G(force)| =  0.13701730589853908       supercell gradient
 |G(force)| =   1.6743770079727611E-002  supercell gradient for atoms in the unit cell 
 |G(force)| =   1.6743770079727611E-002  unit cell gradient
     Displacement step:   11   3   1

 doing analytical gradient for version...           3
 |G(force)| =  0.13701725029102171       supercell gradient
 |G(force)| =   1.6743753723752419E-002  supercell gradient for atoms in the unit cell 
 |G(force)| =   1.6743753723752419E-002  unit cell gradient
 |H(unit cell)| =   8.9104253803685169E-008
     Displacement step:   12   1  -1

 doing analytical gradient for version...           3
 |G(force)| =  0.13708830137637801       supercell gradient
 |G(force)| =   1.6743712336134819E-002  supercell gradient for atoms in the unit cell 
 |G(force)| =   1.6743712336134819E-002  unit cell gradient
     Displacement step:   12   1   1

 doing analytical gradient for version...           3
 |G(force)| =  0.13708838956242378       supercell gradient
 |G(force)| =   1.6743811469086812E-002  supercell gradient for atoms in the unit cell 
 |G(force)| =   1.6743811469086812E-002  unit cell gradient
 |H(unit cell)| =   1.3791868493156072E-007
     Displacement step:   12   2  -1

 doing analytical gradient for version...           3
 |G(force)| =  0.13708835320004836       supercell gradient
 |G(force)| =   1.6743769890139332E-002  supercell gradient for atoms in the unit cell 
 |G(force)| =   1.6743769890139332E-002  unit cell gradient
     Displacement step:   12   2   1

 doing analytical gradient for version...           3
 |G(force)| =  0.13708835331816183       supercell gradient
 |G(force)| =   1.6743768455498763E-002  supercell gradient for atoms in the unit cell 
 |G(force)| =   1.6743768455498763E-002  unit cell gradient
 |H(unit cell)| =   6.4215733695436054E-008
     Displacement step:   12   3  -1

 doing analytical gradient for version...           3
 |G(force)| =  0.13708832195933418       supercell gradient
 |G(force)| =   1.6743751551357253E-002  supercell gradient for atoms in the unit cell 
 |G(force)| =   1.6743751551357253E-002  unit cell gradient
     Displacement step:   12   3   1

 doing analytical gradient for version...           3
 |G(force)| =  0.13708836897808246       supercell gradient
 |G(force)| =   1.6743772252592676E-002  supercell gradient for atoms in the unit cell 
 |G(force)| =   1.6743772252592676E-002  unit cell gradient
 |H(unit cell)| =   1.7643231380951153E-007
     Displacement step:   13   1  -1

 doing analytical gradient for version...           3
 |G(force)| =  0.13710140258731437       supercell gradient
 |G(force)| =   1.6743795356298663E-002  supercell gradient for atoms in the unit cell 
 |G(force)| =   1.6743795356298663E-002  unit cell gradient
     Displacement step:   13   1   1

 doing analytical gradient for version...           3
 |G(force)| =  0.13710134819134698       supercell gradient
 |G(force)| =   1.6743740740434502E-002  supercell gradient for atoms in the unit cell 
 |G(force)| =   1.6743740740434502E-002  unit cell gradient
 |H(unit cell)| =   1.2680512589713003E-007
     Displacement step:   13   2  -1

 doing analytical gradient for version...           3
 |G(force)| =  0.13710135182829955       supercell gradient
 |G(force)| =   1.6743732673134917E-002  supercell gradient for atoms in the unit cell 
 |G(force)| =   1.6743732673134917E-002  unit cell gradient
     Displacement step:   13   2   1

 doing analytical gradient for version...           3
 |G(force)| =  0.13710139273462937       supercell gradient
 |G(force)| =   1.6743797309933955E-002  supercell gradient for atoms in the unit cell 
 |G(force)| =   1.6743797309933955E-002  unit cell gradient
 |H(unit cell)| =   1.1658454063990332E-007
     Displacement step:   13   3  -1

 doing analytical gradient for version...           3
 |G(force)| =  0.13710134870962554       supercell gradient
 |G(force)| =   1.6743738455087039E-002  supercell gradient for atoms in the unit cell 
 |G(force)| =   1.6743738455087039E-002  unit cell gradient
     Displacement step:   13   3   1

 doing analytical gradient for version...           3
 |G(force)| =  0.13710139941259514       supercell gradient
 |G(force)| =   1.6743794901887942E-002  supercell gradient for atoms in the unit cell 
 |G(force)| =   1.6743794901887942E-002  unit cell gradient
 |H(unit cell)| =   1.8003968237700788E-007
     Displacement step:   14   1  -1

 doing analytical gradient for version...           3
 |G(force)| =  0.13710441472817564       supercell gradient
 |G(force)| =   1.6743793986955205E-002  supercell gradient for atoms in the unit cell 
 |G(force)| =   1.6743793986955205E-002  unit cell gradient
     Displacement step:   14   1   1

 doing analytical gradient for version...           3
 |G(force)| =  0.13710436655982092       supercell gradient
 |G(force)| =   1.6743742109787102E-002  supercell gradient for atoms in the unit cell 
 |G(force)| =   1.6743742109787102E-002  unit cell gradient
 |H(unit cell)| =   1.2680512466060526E-007
     Displacement step:   14   2  -1

 doing analytical gradient for version...           3
 |G(force)| =  0.13710440241099878       supercell gradient
 |G(force)| =   1.6743798631264111E-002  supercell gradient for atoms in the unit cell 
 |G(force)| =   1.6743798631264111E-002  unit cell gradient
     Displacement step:   14   2   1

 doing analytical gradient for version...           3
 |G(force)| =  0.13710437266008843       supercell gradient
 |G(force)| =   1.6743731351641349E-002  supercell gradient for atoms in the unit cell 
 |G(force)| =   1.6743731351641349E-002  unit cell gradient
 |H(unit cell)| =   1.1658453799590948E-007
     Displacement step:   14   3  -1

 doing analytical gradient for version...           3
 |G(force)| =  0.13710436791153433       supercell gradient
 |G(force)| =   1.6743739291151988E-002  supercell gradient for atoms in the unit cell 
 |G(force)| =   1.6743739291151988E-002  unit cell gradient
     Displacement step:   14   3   1

 doing analytical gradient for version...           3
 |G(force)| =  0.13710441071998722       supercell gradient
 |G(force)| =   1.6743794065813028E-002  supercell gradient for atoms in the unit cell 
 |G(force)| =   1.6743794065813028E-002  unit cell gradient
 |H(unit cell)| =   1.8003968162488405E-007
     Displacement step:   15   1  -1

 doing analytical gradient for version...           3
 |G(force)| =  0.13701590907008748       supercell gradient
 |G(force)| =   1.6743812982604703E-002  supercell gradient for atoms in the unit cell 
 |G(force)| =   1.6743812982604703E-002  unit cell gradient
     Displacement step:   15   1   1

 doing analytical gradient for version...           3
 |G(force)| =  0.13701579777241221       supercell gradient
 |G(force)| =   1.6743710822677050E-002  supercell gradient for atoms in the unit cell 
 |G(force)| =   1.6743710822677050E-002  unit cell gradient
 |H(unit cell)| =   1.3791867147124710E-007
     Displacement step:   15   2  -1

 doing analytical gradient for version...           3
 |G(force)| =  0.13701586193865145       supercell gradient
 |G(force)| =   1.6743769373997949E-002  supercell gradient for atoms in the unit cell 
 |G(force)| =   1.6743769373997949E-002  unit cell gradient
     Displacement step:   15   2   1

 doing analytical gradient for version...           3
 |G(force)| =  0.13701586065948640       supercell gradient
 |G(force)| =   1.6743769147755334E-002  supercell gradient for atoms in the unit cell 
 |G(force)| =   1.6743769147755334E-002  unit cell gradient
 |H(unit cell)| =   6.4215735870043354E-008
     Displacement step:   15   3  -1

 doing analytical gradient for version...           3
 |G(force)| =  0.13701588830651371       supercell gradient
 |G(force)| =   1.6743771587295651E-002  supercell gradient for atoms in the unit cell 
 |G(force)| =   1.6743771587295651E-002  unit cell gradient
     Displacement step:   15   3   1

 doing analytical gradient for version...           3
 |G(force)| =  0.13701581853492945       supercell gradient
 |G(force)| =   1.6743752216861769E-002  supercell gradient for atoms in the unit cell 
 |G(force)| =   1.6743752216861769E-002  unit cell gradient
 |H(unit cell)| =   1.7643231709783637E-007
     Displacement step:   16   1  -1

 doing analytical gradient for version...           3
 |G(force)| =  0.13704755144531139       supercell gradient
 |G(force)| =   1.6743742746195299E-002  supercell gradient for atoms in the unit cell 
 |G(force)| =   1.6743742746195299E-002  unit cell gradient
     Displacement step:   16   1   1

 doing analytical gradient for version...           3
 |G(force)| =  0.13704758387688615       supercell gradient
 |G(force)| =   1.6743794105027205E-002  supercell gradient for atoms in the unit cell 
 |G(force)| =   1.6743794105027205E-002  unit cell gradient
 |H(unit cell)| =   1.2680512878858457E-007
     Displacement step:   16   2  -1

 doing analytical gradient for version...           3
 |G(force)| =  0.13704759592477309       supercell gradient
 |G(force)| =   1.6743798009731095E-002  supercell gradient for atoms in the unit cell 
 |G(force)| =   1.6743798009731095E-002  unit cell gradient
     Displacement step:   16   2   1

 doing analytical gradient for version...           3
 |G(force)| =  0.13704753280498425       supercell gradient
 |G(force)| =   1.6743732351048670E-002  supercell gradient for atoms in the unit cell 
 |G(force)| =   1.6743732351048670E-002  unit cell gradient
 |H(unit cell)| =   1.1658453667053953E-007
     Displacement step:   16   3  -1

 doing analytical gradient for version...           3
 |G(force)| =  0.13704760425928231       supercell gradient
 |G(force)| =   1.6743795229527285E-002  supercell gradient for atoms in the unit cell 
 |G(force)| =   1.6743795229527285E-002  unit cell gradient
     Displacement step:   16   3   1

 doing analytical gradient for version...           3
 |G(force)| =  0.13704752864053707       supercell gradient
 |G(force)| =   1.6743739115895457E-002  supercell gradient for atoms in the unit cell 
 |G(force)| =   1.6743739115895457E-002  unit cell gradient
 |H(unit cell)| =   1.8003968697173056E-007
     Displacement step:   17   1  -1

 doing analytical gradient for version...           3
 |G(force)| =  0.13707067102610868       supercell gradient
 |G(force)| =   1.6743743553749968E-002  supercell gradient for atoms in the unit cell 
 |G(force)| =   1.6743743553749968E-002  unit cell gradient
     Displacement step:   17   1   1

 doing analytical gradient for version...           3
 |G(force)| =  0.13707071077597735       supercell gradient
 |G(force)| =   1.6743793297462603E-002  supercell gradient for atoms in the unit cell 
 |G(force)| =   1.6743793297462603E-002  unit cell gradient
 |H(unit cell)| =   1.2680512772954833E-007
     Displacement step:   17   2  -1

 doing analytical gradient for version...           3
 |G(force)| =  0.13707066307337112       supercell gradient
 |G(force)| =   1.6743732243106560E-002  supercell gradient for atoms in the unit cell 
 |G(force)| =   1.6743732243106560E-002  unit cell gradient
     Displacement step:   17   2   1

 doing analytical gradient for version...           3
 |G(force)| =  0.13707071213548408       supercell gradient
 |G(force)| =   1.6743798117836724E-002  supercell gradient for atoms in the unit cell 
 |G(force)| =   1.6743798117836724E-002  unit cell gradient
 |H(unit cell)| =   1.1658453463345850E-007
     Displacement step:   17   3  -1

 doing analytical gradient for version...           3
 |G(force)| =  0.13707073073391918       supercell gradient
 |G(force)| =   1.6743795392086362E-002  supercell gradient for atoms in the unit cell 
 |G(force)| =   1.6743795392086362E-002  unit cell gradient
     Displacement step:   17   3   1

 doing analytical gradient for version...           3
 |G(force)| =  0.13707064864583710       supercell gradient
 |G(force)| =   1.6743738953354851E-002  supercell gradient for atoms in the unit cell 
 |G(force)| =   1.6743738953354851E-002  unit cell gradient
 |H(unit cell)| =   1.8003968562826198E-007
     Displacement step:   18   1  -1

 doing analytical gradient for version...           3
 |G(force)| =  0.13714375389877018       supercell gradient
 |G(force)| =   1.6743763217505456E-002  supercell gradient for atoms in the unit cell 
 |G(force)| =   1.6743763217505456E-002  unit cell gradient
     Displacement step:   18   1   1

 doing analytical gradient for version...           3
 |G(force)| =  0.13714371724325627       supercell gradient
 |G(force)| =   1.6743760588014037E-002  supercell gradient for atoms in the unit cell 
 |G(force)| =   1.6743760588014037E-002  unit cell gradient
 |H(unit cell)| =   9.3742967097972576E-008
     Displacement step:   18   2  -1

 doing analytical gradient for version...           3
 |G(force)| =  0.13714374050681627       supercell gradient
 |G(force)| =   1.6743767165098903E-002  supercell gradient for atoms in the unit cell 
 |G(force)| =   1.6743767165098903E-002  unit cell gradient
     Displacement step:   18   2   1

 doing analytical gradient for version...           3
 |G(force)| =  0.13714374247486857       supercell gradient
 |G(force)| =   1.6743767256385263E-002  supercell gradient for atoms in the unit cell 
 |G(force)| =   1.6743767256385263E-002  unit cell gradient
 |H(unit cell)| =   3.7943434225855152E-008
     Displacement step:   18   3  -1

 doing analytical gradient for version...           3
 |G(force)| =  0.13714370311540383       supercell gradient
 |G(force)| =   1.6743752603212189E-002  supercell gradient for atoms in the unit cell 
 |G(force)| =   1.6743752603212189E-002  unit cell gradient
     Displacement step:   18   3   1

 doing analytical gradient for version...           3
 |G(force)| =  0.13714376802539910       supercell gradient
 |G(force)| =   1.6743771200263602E-002  supercell gradient for atoms in the unit cell 
 |G(force)| =   1.6743771200263602E-002  unit cell gradient
 |H(unit cell)| =   8.9104290368997563E-008
     Displacement step:   19   1  -1

 doing analytical gradient for version...           3
 |G(force)| =  0.13706410144861286       supercell gradient
 |G(force)| =   1.6743740085431887E-002  supercell gradient for atoms in the unit cell 
 |G(force)| =   1.6743740085431887E-002  unit cell gradient
     Displacement step:   19   1   1

 doing analytical gradient for version...           3
 |G(force)| =  0.13706416014651979       supercell gradient
 |G(force)| =   1.6743783718606419E-002  supercell gradient for atoms in the unit cell 
 |G(force)| =   1.6743783718606419E-002  unit cell gradient
 |H(unit cell)| =   7.6220520897356191E-008
     Displacement step:   19   2  -1

 doing analytical gradient for version...           3
 |G(force)| =  0.13706415472304803       supercell gradient
 |G(force)| =   1.6743783642947204E-002  supercell gradient for atoms in the unit cell 
 |G(force)| =   1.6743783642947204E-002  unit cell gradient
     Displacement step:   19   2   1

 doing analytical gradient for version...           3
 |G(force)| =  0.13706415409115325       supercell gradient
 |G(force)| =   1.6743782964424948E-002  supercell gradient for atoms in the unit cell 
 |G(force)| =   1.6743782964424948E-002  unit cell gradient
 |H(unit cell)| =   6.7134716345538211E-008
     Displacement step:   19   3  -1

 doing analytical gradient for version...           3
 |G(force)| =  0.13706419342650847       supercell gradient
 |G(force)| =   1.6743785298129935E-002  supercell gradient for atoms in the unit cell 
 |G(force)| =   1.6743785298129935E-002  unit cell gradient
     Displacement step:   19   3   1

 doing analytical gradient for version...           3
 |G(force)| =  0.13706406816778011       supercell gradient
 |G(force)| =   1.6743738505825698E-002  supercell gradient for atoms in the unit cell 
 |G(force)| =   1.6743738505825698E-002  unit cell gradient
 |H(unit cell)| =   7.6933573806166260E-008
     Displacement step:   20   1  -1

 doing analytical gradient for version...           3
 |G(force)| =  0.13704726203480971       supercell gradient
 |G(force)| =   1.6743794929970385E-002  supercell gradient for atoms in the unit cell 
 |G(force)| =   1.6743794929970385E-002  unit cell gradient
     Displacement step:   20   1   1

 doing analytical gradient for version...           3
 |G(force)| =  0.13704720860055492       supercell gradient
 |G(force)| =   1.6743746121990786E-002  supercell gradient for atoms in the unit cell 
 |G(force)| =   1.6743746121990786E-002  unit cell gradient
 |H(unit cell)| =   1.5269036164234266E-007
     Displacement step:   20   2  -1

 doing analytical gradient for version...           3
 |G(force)| =  0.13704722389238777       supercell gradient
 |G(force)| =   1.6743759527466547E-002  supercell gradient for atoms in the unit cell 
 |G(force)| =   1.6743759527466547E-002  unit cell gradient
     Displacement step:   20   2   1

 doing analytical gradient for version...           3
 |G(force)| =  0.13704723792053214       supercell gradient
 |G(force)| =   1.6743773809533648E-002  supercell gradient for atoms in the unit cell 
 |G(force)| =   1.6743773809533648E-002  unit cell gradient
 |H(unit cell)| =   1.0269560948905139E-007
     Displacement step:   20   3  -1

 doing analytical gradient for version...           3
 |G(force)| =  0.13704724694772602       supercell gradient
 |G(force)| =   1.6743768414149804E-002  supercell gradient for atoms in the unit cell 
 |G(force)| =   1.6743768414149804E-002  unit cell gradient
     Displacement step:   20   3   1

 doing analytical gradient for version...           3
 |G(force)| =  0.13704721576932016       supercell gradient
 |G(force)| =   1.6743760244786222E-002  supercell gradient for atoms in the unit cell 
 |G(force)| =   1.6743760244786222E-002  unit cell gradient
 |H(unit cell)| =   1.3920682260601970E-007
     Displacement step:   21   1  -1

 doing analytical gradient for version...           3
 |G(force)| =  0.13707748222390717       supercell gradient
 |G(force)| =   1.6743795479173988E-002  supercell gradient for atoms in the unit cell 
 |G(force)| =   1.6743795479173988E-002  unit cell gradient
     Displacement step:   21   1   1

 doing analytical gradient for version...           3
 |G(force)| =  0.13707742601027004       supercell gradient
 |G(force)| =   1.6743745572783339E-002  supercell gradient for atoms in the unit cell 
 |G(force)| =   1.6743745572783339E-002  unit cell gradient
 |H(unit cell)| =   1.5269036020730198E-007
     Displacement step:   21   2  -1

 doing analytical gradient for version...           3
 |G(force)| =  0.13707745638197211       supercell gradient
 |G(force)| =   1.6743773477912345E-002  supercell gradient for atoms in the unit cell 
 |G(force)| =   1.6743773477912345E-002  unit cell gradient
     Displacement step:   21   2   1

 doing analytical gradient for version...           3
 |G(force)| =  0.13707744302898034       supercell gradient
 |G(force)| =   1.6743759859088121E-002  supercell gradient for atoms in the unit cell 
 |G(force)| =   1.6743759859088121E-002  unit cell gradient
 |H(unit cell)| =   1.0269561134006656E-007
     Displacement step:   21   3  -1

 doing analytical gradient for version...           3
 |G(force)| =  0.13707746580204686       supercell gradient
 |G(force)| =   1.6743767640681612E-002  supercell gradient for atoms in the unit cell 
 |G(force)| =   1.6743767640681612E-002  unit cell gradient
     Displacement step:   21   3   1

 doing analytical gradient for version...           3
 |G(force)| =  0.13707743451385929       supercell gradient
 |G(force)| =   1.6743761018279874E-002  supercell gradient for atoms in the unit cell 
 |G(force)| =   1.6743761018279874E-002  unit cell gradient
 |H(unit cell)| =   1.3920682549753533E-007
     Displacement step:   22   1  -1

 doing analytical gradient for version...           3
 |G(force)| =  0.13707784952998742       supercell gradient
 |G(force)| =   1.6743753625897757E-002  supercell gradient for atoms in the unit cell 
 |G(force)| =   1.6743753625897757E-002  unit cell gradient
     Displacement step:   22   1   1

 doing analytical gradient for version...           3
 |G(force)| =  0.13707790461877137       supercell gradient
 |G(force)| =   1.6743770179942448E-002  supercell gradient for atoms in the unit cell 
 |G(force)| =   1.6743770179942448E-002  unit cell gradient
 |H(unit cell)| =   6.5517728301500899E-008
     Displacement step:   22   2  -1

 doing analytical gradient for version...           3
 |G(force)| =  0.13707788578654845       supercell gradient
 |G(force)| =   1.6743767650214226E-002  supercell gradient for atoms in the unit cell 
 |G(force)| =   1.6743767650214226E-002  unit cell gradient
     Displacement step:   22   2   1

 doing analytical gradient for version...           3
 |G(force)| =  0.13707788503697124       supercell gradient
 |G(force)| =   1.6743767970363595E-002  supercell gradient for atoms in the unit cell 
 |G(force)| =   1.6743767970363595E-002  unit cell gradient
 |H(unit cell)| =   4.6395393166734977E-008
     Displacement step:   22   3  -1

 doing analytical gradient for version...           3
 |G(force)| =  0.13707785112203072       supercell gradient
 |G(force)| =   1.6743769147773570E-002  supercell gradient for atoms in the unit cell 
 |G(force)| =   1.6743769147773570E-002  unit cell gradient
     Displacement step:   22   3   1

 doing analytical gradient for version...           3
 |G(force)| =  0.13707790302473327       supercell gradient
 |G(force)| =   1.6743754656121681E-002  supercell gradient for atoms in the unit cell 
 |G(force)| =   1.6743754656121681E-002  unit cell gradient
 |H(unit cell)| =   6.0558158378152945E-008

     Writing Hessian on file: ./out/Nb3I8.hess
     force_dftd3  :      0.08s CPU      0.08s WALL (       1 calls)
     hessian_dftd :     10.85s CPU     12.90s WALL (       1 calls)

     d3hess       :     20.21s CPU     33.31s WALL


   This run was terminated on:  13:55:57   9May2025            

=------------------------------------------------------------------------------=
   JOB DONE.
=------------------------------------------------------------------------------=
